# JRE version: Java(TM) SE Runtime Environment (17.0.16+12) (build 17.0.16+12-LTS-247)
# Java VM: Java HotSpot(TM) 64-Bit Server VM (17.0.16+12-LTS-247, mixed mode, sharing, tiered, compressed oops, compressed class ptrs, g1 gc, windows-amd64)
GC Precious Log:
 CPUs: 14 total, 14 available
 Memory: 7657M
 Large Page Support: Disabled
 NUMA Support: Disabled
 Compressed Oops: Enabled (32-bit)
 Heap Region Size: 1M
 Heap Min Capacity: 8M
 Heap Initial Capacity: 120M
 Heap Max Capacity: 1916M
 Pre-touch: Disabled
 Parallel Workers: 11
 Concurrent Workers: 3
 Concurrent Refinement Workers: 11
 Periodic GC: Disabled
Heap:
 garbage-first heap   total 191488K, used 62715K [0x0000000088400000, 0x0000000100000000)
  region size 1024K, 13 young (13312K), 3 survivors (3072K)
 Metaspace       used 40668K, committed 41088K, reserved 1114112K
  class space    used 4928K, committed 5120K, reserved 1048576K
GC Heap History (20 events):
Event: 2.003 GC heap before
{Heap before GC invocations=0 (full 0):
 garbage-first heap   total 122880K, used 26624K [0x0000000088400000, 0x0000000100000000)
  region size 1024K, 23 young (23552K), 0 survivors (0K)
 Metaspace       used 6907K, committed 7040K, reserved 1114112K
  class space    used 705K, committed 768K, reserved 1048576K
}
Event: 2.015 GC heap after
{Heap after GC invocations=1 (full 0):
 garbage-first heap   total 122880K, used 6188K [0x0000000088400000, 0x0000000100000000)
  region size 1024K, 3 young (3072K), 3 survivors (3072K)
 Metaspace       used 6907K, committed 7040K, reserved 1114112K
  class space    used 705K, committed 768K, reserved 1048576K
}
Event: 3.781 GC heap before
{Heap before GC invocations=1 (full 0):
 garbage-first heap   total 122880K, used 37932K [0x0000000088400000, 0x0000000100000000)
  region size 1024K, 34 young (34816K), 3 survivors (3072K)
 Metaspace       used 15778K, committed 15936K, reserved 1114112K
  class space    used 1761K, committed 1856K, reserved 1048576K
}
Event: 3.795 GC heap after
{Heap after GC invocations=2 (full 0):
 garbage-first heap   total 122880K, used 7929K [0x0000000088400000, 0x0000000100000000)
  region size 1024K, 2 young (2048K), 2 survivors (2048K)
 Metaspace       used 15778K, committed 15936K, reserved 1114112K
  class space    used 1761K, committed 1856K, reserved 1048576K
}
Event: 5.966 GC heap before
{Heap before GC invocations=2 (full 0):
 garbage-first heap   total 122880K, used 91897K [0x0000000088400000, 0x0000000100000000)
  region size 1024K, 72 young (73728K), 2 survivors (2048K)
 Metaspace       used 20858K, committed 21184K, reserved 1114112K
  class space    used 2659K, committed 2816K, reserved 1048576K
}
Event: 6.066 GC heap after
{Heap after GC invocations=3 (full 0):
 garbage-first heap   total 122880K, used 26883K [0x0000000088400000, 0x0000000100000000)
  region size 1024K, 9 young (9216K), 9 survivors (9216K)
 Metaspace       used 20858K, committed 21184K, reserved 1114112K
  class space    used 2659K, committed 2816K, reserved 1048576K
}
Event: 6.170 GC heap before
{Heap before GC invocations=3 (full 0):
 garbage-first heap   total 122880K, used 28931K [0x0000000088400000, 0x0000000100000000)
  region size 1024K, 12 young (12288K), 9 survivors (9216K)
 Metaspace       used 21279K, committed 21504K, reserved 1114112K
  class space    used 2710K, committed 2816K, reserved 1048576K
}
Event: 6.196 GC heap after
{Heap after GC invocations=4 (full 0):
 garbage-first heap   total 122880K, used 28160K [0x0000000088400000, 0x0000000100000000)
  region size 1024K, 1 young (1024K), 1 survivors (1024K)
 Metaspace       used 21279K, committed 21504K, reserved 1114112K
  class space    used 2710K, committed 2816K, reserved 1048576K
}
Event: 7.974 GC heap before
{Heap before GC invocations=5 (full 0):
 garbage-first heap   total 96256K, used 76288K [0x0000000088400000, 0x0000000100000000)
  region size 1024K, 38 young (38912K), 1 survivors (1024K)
 Metaspace       used 28686K, committed 28992K, reserved 1114112K
  class space    used 3719K, committed 3840K, reserved 1048576K
}
Event: 7.989 GC heap after
{Heap after GC invocations=6 (full 0):
 garbage-first heap   total 96256K, used 43520K [0x0000000088400000, 0x0000000100000000)
  region size 1024K, 5 young (5120K), 5 survivors (5120K)
 Metaspace       used 28686K, committed 28992K, reserved 1114112K
  class space    used 3719K, committed 3840K, reserved 1048576K
}
Event: 9.612 GC heap before
{Heap before GC invocations=6 (full 0):
 garbage-first heap   total 96256K, used 72192K [0x0000000088400000, 0x0000000100000000)
  region size 1024K, 33 young (33792K), 5 survivors (5120K)
 Metaspace       used 34956K, committed 35264K, reserved 1114112K
  class space    used 4290K, committed 4416K, reserved 1048576K
}
Event: 9.636 GC heap after
{Heap after GC invocations=7 (full 0):
 garbage-first heap   total 96256K, used 46280K [0x0000000088400000, 0x0000000100000000)
  region size 1024K, 3 young (3072K), 3 survivors (3072K)
 Metaspace       used 34956K, committed 35264K, reserved 1114112K
  class space    used 4290K, committed 4416K, reserved 1048576K
}
Event: 10.158 GC heap before
{Heap before GC invocations=7 (full 0):
 garbage-first heap   total 96256K, used 50376K [0x0000000088400000, 0x0000000100000000)
  region size 1024K, 8 young (8192K), 3 survivors (3072K)
 Metaspace       used 35765K, committed 35968K, reserved 1114112K
  class space    used 4386K, committed 4480K, reserved 1048576K
}
Event: 10.175 GC heap after
{Heap after GC invocations=8 (full 0):
 garbage-first heap   total 96256K, used 47354K [0x0000000088400000, 0x0000000100000000)
  region size 1024K, 1 young (1024K), 1 survivors (1024K)
 Metaspace       used 35765K, committed 35968K, reserved 1114112K
  class space    used 4386K, committed 4480K, reserved 1048576K
}
Event: 12.444 GC heap before
{Heap before GC invocations=9 (full 0):
 garbage-first heap   total 96256K, used 71930K [0x0000000088400000, 0x0000000100000000)
  region size 1024K, 25 young (25600K), 1 survivors (1024K)
 Metaspace       used 38847K, committed 39168K, reserved 1114112K
  class space    used 4763K, committed 4928K, reserved 1048576K
}
Event: 12.468 GC heap after
{Heap after GC invocations=10 (full 0):
 garbage-first heap   total 96256K, used 51712K [0x0000000088400000, 0x0000000100000000)
  region size 1024K, 4 young (4096K), 4 survivors (4096K)
 Metaspace       used 38847K, committed 39168K, reserved 1114112K
  class space    used 4763K, committed 4928K, reserved 1048576K
}
Event: 12.474 GC heap before
{Heap before GC invocations=10 (full 0):
 garbage-first heap   total 96256K, used 52736K [0x0000000088400000, 0x0000000100000000)
  region size 1024K, 5 young (5120K), 4 survivors (4096K)
 Metaspace       used 38848K, committed 39168K, reserved 1114112K
  class space    used 4763K, committed 4928K, reserved 1048576K
}
Event: 12.490 GC heap after
{Heap after GC invocations=11 (full 0):
 garbage-first heap   total 96256K, used 51754K [0x0000000088400000, 0x0000000100000000)
  region size 1024K, 1 young (1024K), 1 survivors (1024K)
 Metaspace       used 38848K, committed 39168K, reserved 1114112K
  class space    used 4763K, committed 4928K, reserved 1048576K
}
Event: 12.793 GC heap before
{Heap before GC invocations=11 (full 0):
 garbage-first heap   total 96256K, used 72234K [0x0000000088400000, 0x0000000100000000)
  region size 1024K, 21 young (21504K), 1 survivors (1024K)
 Metaspace       used 38949K, committed 39296K, reserved 1114112K
  class space    used 4763K, committed 4928K, reserved 1048576K
}
Event: 12.811 GC heap after
{Heap after GC invocations=12 (full 0):
 garbage-first heap   total 236544K, used 53499K [0x0000000088400000, 0x0000000100000000)
  region size 1024K, 3 young (3072K), 3 survivors (3072K)
 Metaspace       used 38949K, committed 39296K, reserved 1114112K
  class space    used 4763K, committed 4928K, reserved 1048576K
}

