# JRE version: OpenJDK Runtime Environment (21.0.6) (build 21.0.6+-13391695-b895.109)
# Java VM: OpenJDK 64-Bit Server VM (21.0.6+-13391695-b895.109, mixed mode, tiered, compressed oops, compressed class ptrs, g1 gc, windows-amd64)
GC Precious Log:
 CardTable entry size: 512
 Card Set container configuration: InlinePtr #cards 4 size 8 Array Of Cards #cards 32 size 80 Howl #buckets 8 coarsen threshold 7372 Howl Bitmap #cards 1024 size 144 coarsen threshold 921 Card regions per heap region 1 cards per card region 8192
 CPUs: 14 total, 14 available
 Memory: 7657M
 Large Page Support: Disabled
 NUMA Support: Disabled
 Compressed Oops: Enabled (Zero based)
 Heap Region Size: 4M
 Heap Min Capacity: 8M
 Heap Initial Capacity: 120M
 Heap Max Capacity: 8G
 Pre-touch: Disabled
 Parallel Workers: 11
 Concurrent Workers: 3
 Concurrent Refinement Workers: 11
 Periodic GC: Disabled
Heap:
 garbage-first heap   total 1167360K, used 436124K [0x0000000600000000, 0x0000000800000000)
  region size 4096K, 2 young (8192K), 2 survivors (8192K)
 Metaspace       used 182534K, committed 185408K, reserved 1245184K
  class space    used 24242K, committed 25664K, reserved 1048576K
GC Heap History (20 events):
Event: 71.556 GC heap after
{Heap after GC invocations=78 (full 0):
 garbage-first heap   total 745472K, used 420767K [0x0000000600000000, 0x0000000800000000)
  region size 4096K, 3 young (12288K), 3 survivors (12288K)
 Metaspace       used 173167K, committed 175936K, reserved 1245184K
  class space    used 23297K, committed 24640K, reserved 1048576K
}
Event: 72.947 GC heap before
{Heap before GC invocations=78 (full 0):
 garbage-first heap   total 745472K, used 654239K [0x0000000600000000, 0x0000000800000000)
  region size 4096K, 61 young (249856K), 3 survivors (12288K)
 Metaspace       used 175524K, committed 178240K, reserved 1245184K
  class space    used 23558K, committed 24896K, reserved 1048576K
}
Event: 72.983 GC heap after
{Heap after GC invocations=79 (full 0):
 garbage-first heap   total 745472K, used 414169K [0x0000000600000000, 0x0000000800000000)
  region size 4096K, 6 young (24576K), 6 survivors (24576K)
 Metaspace       used 175524K, committed 178240K, reserved 1245184K
  class space    used 23558K, committed 24896K, reserved 1048576K
}
Event: 101.502 GC heap before
{Heap before GC invocations=79 (full 0):
 garbage-first heap   total 745472K, used 623065K [0x0000000600000000, 0x0000000800000000)
  region size 4096K, 59 young (241664K), 6 survivors (24576K)
 Metaspace       used 179279K, committed 182080K, reserved 1245184K
  class space    used 23998K, committed 25344K, reserved 1048576K
}
Event: 101.654 GC heap after
{Heap after GC invocations=80 (full 0):
 garbage-first heap   total 1056768K, used 408709K [0x0000000600000000, 0x0000000800000000)
  region size 4096K, 3 young (12288K), 3 survivors (12288K)
 Metaspace       used 179279K, committed 182080K, reserved 1245184K
  class space    used 23998K, committed 25344K, reserved 1048576K
}
Event: 555.884 GC heap before
{Heap before GC invocations=81 (full 0):
 garbage-first heap   total 1056768K, used 785541K [0x0000000600000000, 0x0000000800000000)
  region size 4096K, 69 young (282624K), 3 survivors (12288K)
 Metaspace       used 180399K, committed 183296K, reserved 1245184K
  class space    used 24166K, committed 25600K, reserved 1048576K
}
Event: 556.177 GC heap after
{Heap after GC invocations=82 (full 0):
 garbage-first heap   total 1056768K, used 404121K [0x0000000600000000, 0x0000000800000000)
  region size 4096K, 3 young (12288K), 3 survivors (12288K)
 Metaspace       used 180399K, committed 183296K, reserved 1245184K
  class space    used 24166K, committed 25600K, reserved 1048576K
}
Event: 1396.037 GC heap before
{Heap before GC invocations=82 (full 0):
 garbage-first heap   total 1101824K, used 1071769K [0x0000000600000000, 0x0000000800000000)
  region size 4096K, 145 young (593920K), 3 survivors (12288K)
 Metaspace       used 181779K, committed 184640K, reserved 1245184K
  class space    used 24202K, committed 25600K, reserved 1048576K
}
Event: 1396.388 GC heap after
{Heap after GC invocations=83 (full 0):
 garbage-first heap   total 1167360K, used 465128K [0x0000000600000000, 0x0000000800000000)
  region size 4096K, 19 young (77824K), 19 survivors (77824K)
 Metaspace       used 181779K, committed 184640K, reserved 1245184K
  class space    used 24202K, committed 25600K, reserved 1048576K
}
Event: 1396.561 GC heap before
{Heap before GC invocations=83 (full 0):
 garbage-first heap   total 1167360K, used 526568K [0x0000000600000000, 0x0000000800000000)
  region size 4096K, 35 young (143360K), 19 survivors (77824K)
 Metaspace       used 181779K, committed 184640K, reserved 1245184K
  class space    used 24202K, committed 25600K, reserved 1048576K
}
Event: 1396.770 GC heap after
{Heap after GC invocations=84 (full 0):
 garbage-first heap   total 1167360K, used 460763K [0x0000000600000000, 0x0000000800000000)
  region size 4096K, 5 young (20480K), 5 survivors (20480K)
 Metaspace       used 181779K, committed 184640K, reserved 1245184K
  class space    used 24202K, committed 25600K, reserved 1048576K
}
Event: 3434.034 GC heap before
{Heap before GC invocations=84 (full 0):
 garbage-first heap   total 1167360K, used 792539K [0x0000000600000000, 0x0000000800000000)
  region size 4096K, 87 young (356352K), 5 survivors (20480K)
 Metaspace       used 182026K, committed 184896K, reserved 1245184K
  class space    used 24207K, committed 25600K, reserved 1048576K
}
Event: 3434.267 GC heap after
{Heap after GC invocations=85 (full 0):
 garbage-first heap   total 1167360K, used 443381K [0x0000000600000000, 0x0000000800000000)
  region size 4096K, 3 young (12288K), 3 survivors (12288K)
 Metaspace       used 182026K, committed 184896K, reserved 1245184K
  class space    used 24207K, committed 25600K, reserved 1048576K
}
Event: 3436.572 GC heap before
{Heap before GC invocations=85 (full 0):
 garbage-first heap   total 1167360K, used 496629K [0x0000000600000000, 0x0000000800000000)
  region size 4096K, 16 young (65536K), 3 survivors (12288K)
 Metaspace       used 182089K, committed 184896K, reserved 1245184K
  class space    used 24208K, committed 25600K, reserved 1048576K
}
Event: 3436.869 GC heap after
{Heap after GC invocations=86 (full 0):
 garbage-first heap   total 1167360K, used 440069K [0x0000000600000000, 0x0000000800000000)
  region size 4096K, 2 young (8192K), 2 survivors (8192K)
 Metaspace       used 182089K, committed 184896K, reserved 1245184K
  class space    used 24208K, committed 25600K, reserved 1048576K
}
Event: 3438.535 GC heap before
{Heap before GC invocations=86 (full 0):
 garbage-first heap   total 1167360K, used 485125K [0x0000000600000000, 0x0000000800000000)
  region size 4096K, 14 young (57344K), 2 survivors (8192K)
 Metaspace       used 182131K, committed 185024K, reserved 1245184K
  class space    used 24210K, committed 25664K, reserved 1048576K
}
Event: 3438.824 GC heap after
{Heap after GC invocations=87 (full 0):
 garbage-first heap   total 1167360K, used 435311K [0x0000000600000000, 0x0000000800000000)
  region size 4096K, 2 young (8192K), 2 survivors (8192K)
 Metaspace       used 182131K, committed 185024K, reserved 1245184K
  class space    used 24210K, committed 25664K, reserved 1048576K
}
Event: 3440.337 GC heap before
{Heap before GC invocations=87 (full 0):
 garbage-first heap   total 1167360K, used 484463K [0x0000000600000000, 0x0000000800000000)
  region size 4096K, 14 young (57344K), 2 survivors (8192K)
 Metaspace       used 182227K, committed 185088K, reserved 1245184K
  class space    used 24215K, committed 25664K, reserved 1048576K
}
Event: 3440.395 GC heap after
{Heap after GC invocations=88 (full 0):
 garbage-first heap   total 1167360K, used 433185K [0x0000000600000000, 0x0000000800000000)
  region size 4096K, 2 young (8192K), 2 survivors (8192K)
 Metaspace       used 182227K, committed 185088K, reserved 1245184K
  class space    used 24215K, committed 25664K, reserved 1048576K
}
Event: 3458.544 GC heap before
{Heap before GC invocations=88 (full 0):
 garbage-first heap   total 1167360K, used 482337K [0x0000000600000000, 0x0000000800000000)
  region size 4096K, 14 young (57344K), 2 survivors (8192K)
 Metaspace       used 182534K, committed 185408K, reserved 1245184K
  class space    used 24242K, committed 25664K, reserved 1048576K
}

