SF:lib\models\dish.dart
DA:17,12
DA:30,2
DA:34,4
DA:35,4
DA:36,8
DA:40,4
DA:43,4
DA:44,8
DA:45,6
DA:49,2
DA:52,4
DA:54,2
DA:55,4
DA:56,4
DA:57,4
DA:61,4
DA:62,2
DA:64,4
DA:65,4
DA:66,4
DA:70,8
DA:71,8
DA:72,8
DA:73,8
DA:74,4
DA:79,0
DA:80,0
DA:90,2
DA:95,4
DA:96,8
DA:97,6
DA:101,4
DA:105,1
DA:107,4
DA:110,1
DA:113,1
DA:115,4
DA:118,2
DA:120,2
DA:121,2
DA:122,2
DA:124,2
DA:126,0
DA:131,2
DA:132,3
DA:136,2
DA:137,2
DA:138,2
DA:141,2
DA:142,2
DA:143,2
DA:147,6
DA:150,1
DA:151,2
DA:157,2
DA:160,6
DA:165,0
DA:171,2
DA:173,2
DA:174,4
DA:175,2
DA:176,4
DA:177,2
DA:184,2
DA:186,2
DA:187,4
DA:188,1
DA:190,2
DA:191,1
DA:197,2
DA:199,2
DA:200,0
DA:201,0
DA:206,2
DA:208,2
DA:209,2
DA:210,2
DA:212,0
DA:216,2
DA:218,2
DA:219,2
DA:220,1
DA:221,2
DA:222,2
DA:228,4
DA:229,4
DA:230,4
DA:231,4
DA:232,4
DA:233,4
DA:234,4
DA:235,4
DA:236,4
DA:237,4
DA:238,4
DA:239,4
DA:244,20
DA:247,1
DA:259,1
DA:260,1
DA:261,1
DA:262,1
DA:263,1
DA:264,1
DA:265,1
DA:266,1
DA:267,1
DA:268,1
DA:269,1
DA:274,1
DA:276,6
DA:280,1
DA:283,4
DA:286,1
DA:287,2
LF:115
LH:108
end_of_record
SF:lib\models\order.dart
DA:23,9
DA:28,40
DA:30,1
DA:31,1
DA:32,2
DA:33,1
DA:37,3
DA:38,3
DA:39,6
DA:40,3
DA:61,5
DA:76,4
DA:77,20
DA:79,6
DA:81,2
DA:82,2
DA:83,2
DA:85,2
DA:87,2
DA:92,2
DA:93,2
DA:94,2
DA:96,2
DA:98,2
DA:100,2
DA:102,2
DA:104,2
DA:106,2
DA:111,2
DA:112,4
DA:113,2
DA:114,2
DA:115,2
DA:117,2
DA:118,2
DA:119,2
DA:120,2
DA:122,2
DA:123,2
DA:130,1
DA:131,1
DA:133,4
DA:135,1
DA:136,1
DA:137,1
DA:138,0
DA:139,0
DA:141,0
DA:142,0
DA:143,0
DA:144,0
DA:145,0
DA:147,0
DA:148,0
DA:155,1
DA:156,1
DA:158,1
DA:159,6
DA:160,0
DA:162,1
DA:163,1
DA:164,1
DA:165,2
DA:166,1
DA:167,1
DA:168,1
DA:169,1
DA:170,1
DA:171,1
DA:176,4
DA:178,1
DA:179,1
DA:180,1
DA:181,1
DA:183,1
DA:185,1
DA:190,1
DA:191,1
DA:192,5
DA:193,4
DA:194,2
DA:195,1
DA:196,1
DA:197,1
DA:198,1
DA:199,1
DA:200,1
DA:201,1
DA:202,1
DA:206,0
DA:220,0
DA:221,0
DA:222,0
DA:223,0
DA:224,0
DA:225,0
DA:226,0
DA:227,0
DA:228,0
DA:229,0
DA:230,0
DA:231,0
DA:232,0
LF:103
LH:79
end_of_record
SF:lib\config\api_config.dart
DA:11,7
DA:12,18
DA:16,2
DA:17,6
DA:20,1
DA:21,3
DA:29,4
DA:32,4
DA:35,4
DA:38,1
DA:39,5
DA:46,3
DA:47,12
DA:50,23
DA:53,17
DA:56,4
DA:59,4
DA:69,6
DA:72,5
DA:73,6
DA:74,10
DA:78,2
DA:81,4
DA:82,6
DA:86,2
DA:87,1
DA:90,2
DA:91,0
DA:95,2
DA:97,1
DA:98,1
DA:101,1
DA:102,1
DA:105,1
DA:106,1
DA:107,1
DA:110,1
DA:111,1
DA:112,0
DA:115,1
DA:116,1
DA:120,1
DA:125,4
DA:128,6
DA:129,6
DA:130,6
DA:137,4
DA:139,4
DA:140,4
DA:143,0
DA:150,4
DA:151,4
DA:152,4
DA:153,16
DA:157,1
DA:158,2
DA:159,0
DA:163,3
DA:167,2
DA:168,2
DA:171,3
DA:172,4
DA:173,3
DA:179,0
DA:180,0
DA:182,0
DA:188,1
DA:190,2
DA:191,2
DA:195,10
DA:198,0
DA:200,0
DA:201,0
DA:206,0
DA:207,0
DA:210,0
DA:213,0
DA:220,1
DA:221,2
DA:223,2
LF:80
LH:66
end_of_record
SF:lib\config\demo_data.dart
DA:9,4
DA:20,2
DA:26,2
DA:29,4
DA:30,2
DA:36,2
DA:42,2
DA:48,2
DA:54,2
DA:60,2
DA:68,4
DA:69,2
DA:83,2
DA:96,2
DA:109,2
DA:122,2
DA:135,2
DA:148,2
DA:161,2
DA:176,4
DA:177,2
DA:190,2
LF:22
LH:22
end_of_record
SF:lib\models\restaurant.dart
DA:19,7
DA:36,4
DA:38,4
DA:39,3
DA:43,4
DA:47,4
DA:48,6
DA:53,1
DA:54,3
DA:57,2
DA:59,2
DA:60,2
DA:61,2
DA:63,3
DA:64,3
DA:68,1
DA:75,0
DA:81,1
DA:83,1
DA:84,2
DA:86,3
DA:87,3
DA:90,2
DA:91,2
DA:93,1
DA:100,1
DA:101,4
DA:102,4
DA:103,4
DA:106,1
DA:107,2
DA:111,2
DA:115,1
DA:116,3
DA:121,2
DA:122,1
DA:127,0
DA:128,0
DA:129,0
DA:130,0
DA:131,0
DA:134,0
DA:136,0
DA:138,0
DA:143,1
DA:145,1
DA:146,2
DA:147,2
DA:148,2
DA:149,2
DA:150,2
DA:151,2
DA:152,2
DA:153,2
DA:154,2
DA:155,2
DA:156,2
DA:157,2
DA:158,2
DA:161,0
DA:162,0
DA:168,1
DA:170,1
DA:171,2
DA:172,2
DA:177,1
DA:179,1
DA:180,2
DA:181,2
DA:186,1
DA:188,2
DA:189,0
DA:193,1
DA:195,1
DA:196,2
DA:197,1
DA:198,3
DA:204,1
DA:205,1
DA:208,1
DA:210,3
DA:211,3
DA:212,1
DA:215,1
DA:216,2
DA:217,1
DA:220,1
DA:221,1
DA:224,1
DA:225,1
DA:227,3
DA:228,3
DA:229,1
DA:232,1
DA:236,0
DA:238,0
DA:239,0
DA:244,1
DA:245,1
DA:246,1
DA:247,1
DA:248,1
DA:249,1
DA:250,1
DA:251,1
DA:252,1
DA:253,1
DA:254,1
DA:255,1
DA:256,1
DA:261,4
DA:262,4
DA:263,2
DA:264,4
DA:265,0
DA:268,0
DA:281,0
DA:282,0
DA:283,0
DA:284,0
DA:285,0
DA:286,0
DA:287,0
DA:288,0
DA:289,0
DA:290,0
DA:291,0
DA:292,0
DA:296,0
DA:298,0
LF:130
LH:99
end_of_record
SF:lib\models\category.dart
DA:10,4
DA:17,1
DA:20,2
DA:21,2
DA:22,4
DA:26,1
DA:28,1
DA:29,1
DA:30,1
DA:31,2
DA:32,2
DA:37,4
DA:38,4
DA:39,4
DA:40,2
DA:46,0
DA:47,0
DA:48,0
DA:49,0
DA:56,1
DA:61,2
DA:62,4
DA:66,1
DA:82,2
DA:83,1
DA:84,1
DA:87,3
DA:88,3
DA:89,4
DA:92,0
DA:93,2
DA:98,0
DA:100,0
DA:103,0
DA:104,0
DA:107,0
DA:110,0
DA:111,0
DA:113,0
DA:114,0
DA:117,0
DA:118,0
DA:120,0
DA:121,0
DA:127,0
DA:129,0
DA:133,0
DA:134,0
DA:136,0
DA:137,0
DA:138,0
DA:140,0
DA:141,0
DA:143,0
DA:153,0
DA:155,2
DA:156,5
DA:160,1
DA:171,1
DA:172,1
DA:173,2
DA:174,1
DA:175,2
DA:176,1
DA:182,1
DA:183,1
DA:184,2
DA:185,1
DA:186,2
DA:187,1
DA:193,1
DA:195,1
DA:196,0
DA:197,0
DA:201,1
DA:203,1
DA:204,1
DA:205,1
DA:207,0
DA:210,0
DA:211,0
DA:212,0
DA:213,0
DA:214,0
DA:215,0
DA:219,0
DA:220,0
DA:222,0
DA:225,0
DA:228,0
DA:229,0
LF:91
LH:47
end_of_record
SF:lib\models\flash_info.dart
DA:16,4
DA:30,1
DA:31,3
DA:35,4
DA:36,2
DA:37,2
DA:40,1
DA:46,4
DA:48,3
DA:50,3
DA:56,1
DA:57,2
DA:60,1
DA:61,1
DA:62,2
DA:63,2
DA:64,2
DA:65,2
DA:67,2
DA:70,2
DA:71,2
DA:75,1
DA:76,1
DA:77,1
DA:78,1
DA:79,1
DA:80,1
DA:81,1
DA:82,1
DA:83,1
DA:84,1
DA:85,1
DA:86,1
DA:87,1
DA:94,2
DA:97,1
DA:98,1
DA:99,3
DA:103,1
DA:104,1
DA:106,1
DA:107,2
DA:109,2
DA:111,2
DA:113,2
DA:114,2
DA:116,4
DA:117,4
DA:118,2
DA:119,1
DA:124,2
DA:126,10
DA:127,1
DA:130,6
DA:131,4
DA:132,3
DA:133,4
DA:134,1
DA:135,2
DA:139,0
DA:143,2
DA:145,10
DA:146,6
DA:147,4
DA:148,4
DA:149,4
DA:150,2
DA:151,4
DA:157,6
DA:158,2
DA:165,1
DA:166,3
DA:168,2
DA:169,2
DA:171,1
DA:179,1
DA:180,1
DA:181,3
DA:182,1
DA:186,1
DA:187,1
DA:188,2
LF:82
LH:81
end_of_record
SF:lib\models\app_notification.dart
DA:10,4
DA:21,3
DA:30,3
DA:31,3
DA:32,3
DA:33,3
DA:34,3
DA:35,0
DA:36,3
DA:37,3
DA:42,3
DA:43,3
DA:44,3
DA:45,3
DA:46,3
DA:47,6
DA:48,3
DA:49,3
DA:50,3
DA:55,3
DA:56,3
DA:57,3
DA:58,3
DA:59,3
DA:60,6
DA:61,3
DA:62,3
DA:63,3
LF:28
LH:27
end_of_record
SF:lib\utils\app_logger.dart
DA:26,2
DA:27,2
DA:28,2
DA:33,1
DA:34,1
DA:38,3
DA:39,3
DA:43,2
DA:49,2
DA:52,2
DA:55,1
DA:56,2
DA:61,0
DA:62,0
DA:66,0
DA:67,0
DA:71,0
DA:74,0
DA:77,0
DA:79,0
DA:80,0
DA:81,0
DA:82,0
DA:87,0
DA:89,0
DA:90,0
DA:92,0
DA:96,0
DA:97,0
DA:105,0
DA:106,0
DA:108,0
DA:109,0
DA:111,0
DA:112,0
DA:117,0
DA:118,0
DA:120,0
DA:121,0
DA:122,0
DA:130,5
DA:132,5
DA:134,4
DA:138,4
DA:139,16
DA:140,12
DA:141,12
DA:142,8
DA:146,4
DA:150,8
DA:153,4
DA:157,8
DA:161,8
DA:164,4
DA:166,12
LF:55
LH:27
end_of_record
SF:lib\models\user.dart
DA:8,3
DA:16,3
DA:17,3
DA:18,6
DA:19,4
DA:20,5
DA:21,3
DA:22,3
DA:23,2
DA:28,2
DA:29,2
DA:30,2
DA:31,2
DA:33,2
DA:34,2
DA:35,3
LF:16
LH:16
end_of_record
SF:lib\screens\cart_screen.dart
DA:14,20
DA:16,2
DA:17,2
DA:22,2
DA:35,2
DA:37,2
DA:38,4
DA:43,6
DA:44,4
DA:45,4
DA:46,6
DA:47,2
DA:48,4
DA:51,2
DA:52,1
DA:53,1
DA:55,2
DA:58,2
DA:64,2
DA:66,4
DA:67,4
DA:68,4
DA:69,4
DA:70,2
DA:73,2
DA:75,4
DA:76,0
DA:81,0
DA:90,0
DA:100,2
DA:105,2
DA:117,2
DA:119,2
DA:120,2
DA:125,2
DA:126,2
DA:127,2
DA:129,4
DA:130,2
DA:131,2
DA:138,2
DA:139,2
DA:142,2
DA:144,2
DA:146,2
DA:147,2
DA:149,2
DA:150,2
DA:151,2
DA:170,2
DA:171,1
DA:172,2
DA:173,1
DA:174,5
DA:177,2
DA:182,2
DA:183,2
DA:192,2
DA:193,2
DA:195,2
DA:196,2
DA:197,2
DA:198,2
DA:199,2
DA:200,0
DA:201,2
DA:204,4
DA:205,2
DA:206,4
DA:207,2
DA:212,2
DA:218,2
DA:219,2
DA:221,2
DA:222,2
DA:225,2
DA:228,2
DA:229,2
DA:230,2
DA:232,2
DA:233,8
DA:234,2
DA:241,2
DA:243,0
DA:244,0
DA:246,2
DA:264,2
DA:265,2
DA:266,8
DA:268,2
DA:270,2
DA:279,2
DA:280,10
DA:282,2
DA:285,2
DA:287,2
DA:291,0
DA:292,0
DA:293,2
DA:295,2
DA:297,2
DA:298,2
DA:300,4
DA:301,2
DA:309,2
DA:310,2
DA:311,2
DA:312,2
DA:315,2
DA:316,4
DA:325,2
DA:326,2
DA:328,2
DA:329,2
DA:330,4
DA:331,2
DA:336,2
DA:337,8
DA:339,2
DA:342,2
DA:344,2
DA:345,2
DA:346,2
DA:348,2
DA:349,12
DA:350,2
DA:360,2
DA:361,2
DA:362,2
DA:363,2
DA:364,2
DA:366,2
DA:368,2
DA:369,2
DA:370,2
DA:372,2
DA:373,4
DA:375,2
DA:377,2
DA:380,2
DA:381,4
DA:383,2
DA:386,2
DA:388,2
DA:395,2
DA:396,4
DA:397,2
DA:399,2
DA:401,2
DA:402,2
DA:403,2
DA:413,2
DA:418,2
DA:420,2
DA:421,2
DA:422,2
DA:424,2
DA:427,2
DA:433,2
DA:434,2
DA:450,2
DA:451,2
DA:453,2
DA:454,4
DA:456,2
DA:463,2
DA:464,2
DA:465,2
DA:466,2
DA:467,2
DA:469,2
DA:471,2
DA:472,4
DA:478,2
DA:480,2
DA:483,2
DA:484,2
DA:486,2
DA:496,2
DA:498,2
DA:500,2
DA:501,4
DA:502,2
DA:510,2
DA:511,2
DA:513,2
DA:514,4
DA:515,2
DA:520,4
DA:522,2
DA:531,2
DA:532,6
DA:533,2
DA:542,1
DA:543,4
DA:546,1
DA:547,2
DA:548,4
DA:552,1
DA:553,2
DA:554,4
DA:557,1
DA:558,1
DA:559,1
DA:560,2
DA:563,4
DA:564,1
DA:565,1
DA:566,2
DA:569,1
DA:570,2
DA:571,1
DA:582,0
DA:583,0
DA:584,0
DA:585,0
DA:588,0
DA:589,0
DA:590,0
DA:593,0
DA:594,0
DA:595,0
DA:596,0
DA:597,0
DA:599,0
DA:614,1
DA:615,2
DA:616,0
DA:624,1
DA:630,1
DA:631,1
DA:636,1
DA:640,0
DA:646,0
DA:647,0
DA:652,0
DA:656,0
DA:659,0
DA:662,0
DA:665,0
DA:672,0
DA:678,0
DA:681,0
DA:684,0
DA:694,0
DA:698,1
DA:699,1
DA:700,1
DA:702,2
DA:709,1
DA:711,1
DA:712,1
DA:717,2
DA:720,1
DA:725,2
DA:729,1
DA:730,1
DA:731,2
DA:739,1
DA:746,1
DA:748,1
DA:749,1
DA:751,1
DA:752,2
DA:753,1
DA:754,1
DA:756,1
DA:757,1
DA:758,1
DA:760,1
DA:762,1
DA:764,1
DA:767,1
DA:768,1
DA:770,1
DA:771,1
DA:773,1
DA:778,1
DA:780,1
DA:796,1
DA:797,2
DA:799,1
DA:800,1
DA:802,2
DA:810,1
DA:812,1
DA:818,1
DA:819,1
DA:832,1
DA:833,1
DA:834,0
DA:837,1
DA:838,0
DA:839,0
DA:841,0
DA:843,0
DA:844,0
DA:845,0
DA:852,0
DA:861,1
DA:873,1
DA:875,5
DA:876,1
DA:877,1
DA:879,2
DA:887,1
DA:889,1
DA:895,1
DA:896,1
DA:897,1
DA:898,1
DA:908,0
DA:909,0
DA:912,0
DA:913,0
DA:914,0
DA:923,1
DA:924,1
DA:925,0
DA:928,1
DA:929,0
DA:930,0
DA:931,0
DA:934,1
DA:946,0
DA:947,0
DA:948,0
DA:950,0
DA:958,0
DA:960,0
DA:961,0
DA:965,0
DA:968,0
DA:972,0
DA:976,0
DA:977,0
DA:978,0
DA:986,0
DA:992,0
DA:994,0
DA:995,0
DA:997,0
DA:998,0
DA:999,0
DA:1001,0
DA:1002,0
DA:1003,0
DA:1005,0
DA:1006,0
DA:1007,0
DA:1009,0
DA:1012,0
DA:1015,0
DA:1027,0
DA:1028,0
DA:1029,0
DA:1031,0
DA:1039,0
DA:1041,0
DA:1042,0
DA:1045,0
DA:1048,0
DA:1051,0
DA:1061,0
DA:1062,0
DA:1063,0
DA:1071,0
DA:1076,0
DA:1078,0
DA:1079,0
DA:1081,0
DA:1082,0
DA:1083,0
DA:1084,0
DA:1086,0
DA:1087,0
DA:1088,0
DA:1091,0
DA:1093,0
DA:1098,0
DA:1099,0
DA:1102,0
DA:1114,0
DA:1116,0
DA:1117,0
DA:1119,0
DA:1120,0
DA:1122,0
DA:1123,0
DA:1124,0
DA:1127,0
DA:1130,0
DA:1132,0
DA:1138,0
DA:1139,0
DA:1140,0
DA:1141,0
DA:1152,0
DA:1153,0
DA:1156,0
DA:1157,0
DA:1158,0
DA:1167,0
DA:1168,0
DA:1169,0
DA:1172,0
DA:1173,0
DA:1174,0
DA:1175,0
DA:1176,0
DA:1179,0
DA:1191,0
DA:1197,0
DA:1199,0
DA:1204,0
DA:1205,0
DA:1206,0
DA:1210,0
DA:1215,0
DA:1219,0
DA:1227,0
DA:1228,0
DA:1229,0
DA:1231,0
DA:1232,0
DA:1235,0
DA:1236,0
DA:1238,0
DA:1240,0
DA:1244,0
DA:1245,0
DA:1246,0
DA:1248,0
DA:1250,0
DA:1252,0
DA:1253,0
DA:1258,0
DA:1259,0
DA:1260,0
DA:1263,0
DA:1264,0
DA:1265,0
DA:1276,0
DA:1278,0
DA:1280,0
DA:1282,0
DA:1283,0
DA:1285,0
DA:1290,0
DA:1292,0
DA:1304,0
DA:1313,0
DA:1314,0
DA:1316,0
DA:1337,0
DA:1345,0
DA:1348,0
DA:1352,0
DA:1356,0
DA:1357,0
DA:1358,0
DA:1362,0
DA:1368,0
DA:1371,0
DA:1374,0
DA:1375,0
DA:1376,0
DA:1380,0
DA:1385,0
DA:1390,0
DA:1391,0
DA:1393,0
DA:1395,0
DA:1397,0
DA:1398,0
DA:1400,0
DA:1401,0
DA:1403,0
DA:1404,0
DA:1405,0
DA:1407,0
DA:1409,0
DA:1410,0
DA:1423,0
DA:1426,0
DA:1430,0
DA:1432,0
DA:1434,0
DA:1436,0
DA:1437,0
DA:1438,0
DA:1439,0
DA:1440,0
DA:1442,0
DA:1444,0
DA:1445,0
DA:1446,0
DA:1447,0
DA:1448,0
DA:1453,0
DA:1454,0
DA:1458,0
DA:1463,0
DA:1464,0
DA:1465,0
DA:1466,0
DA:1468,0
DA:1469,0
DA:1470,0
DA:1474,0
DA:1475,0
DA:1481,0
DA:1483,0
DA:1484,0
DA:1485,0
DA:1487,0
DA:1488,0
DA:1489,0
DA:1502,0
DA:1503,0
DA:1505,0
DA:1506,0
DA:1509,0
DA:1511,0
DA:1513,0
DA:1519,1
DA:1520,3
DA:1521,1
DA:1522,1
LF:529
LH:276
end_of_record
SF:lib\screens\payment_screen.dart
DA:26,1
DA:35,1
DA:36,1
DA:55,1
DA:57,1
DA:58,2
DA:61,1
DA:62,3
DA:63,2
DA:65,1
DA:68,1
DA:70,2
DA:71,2
DA:72,2
DA:73,1
DA:78,1
DA:79,2
DA:80,1
DA:81,1
DA:82,4
DA:85,1
DA:86,2
DA:87,2
DA:88,2
DA:89,2
DA:90,2
DA:93,1
DA:95,1
DA:96,2
DA:97,1
DA:98,2
DA:103,0
DA:104,0
DA:106,0
DA:107,0
DA:108,0
DA:114,0
DA:115,0
DA:118,0
DA:119,0
DA:123,0
DA:124,0
DA:125,0
DA:127,0
DA:128,0
DA:129,0
DA:130,0
DA:135,0
DA:136,0
DA:137,0
DA:140,0
DA:141,0
DA:145,0
DA:148,0
DA:149,0
DA:150,0
DA:151,0
DA:153,0
DA:157,0
DA:158,0
DA:160,0
DA:161,0
DA:162,0
DA:167,0
DA:168,0
DA:169,0
DA:172,0
DA:173,0
DA:174,0
DA:175,0
DA:176,0
DA:177,0
DA:178,0
DA:179,0
DA:180,0
DA:181,0
DA:189,0
DA:191,0
DA:193,0
DA:194,0
DA:195,0
DA:197,0
DA:198,0
DA:199,0
DA:200,0
DA:201,0
DA:202,0
DA:209,0
DA:210,0
DA:211,0
DA:214,0
DA:215,0
DA:216,0
DA:218,0
DA:223,1
DA:225,1
DA:227,0
DA:229,0
DA:231,0
DA:235,0
DA:236,0
DA:237,0
DA:240,0
DA:241,0
DA:244,0
DA:245,0
DA:246,0
DA:255,1
DA:257,1
DA:262,1
DA:263,2
DA:264,1
DA:265,0
DA:267,0
DA:271,0
DA:272,0
DA:273,0
DA:276,0
DA:277,0
DA:280,0
DA:281,0
DA:282,0
DA:294,1
DA:295,1
DA:297,1
DA:299,1
DA:301,1
DA:303,1
DA:305,1
DA:314,1
DA:315,4
DA:316,1
DA:318,1
DA:319,1
DA:320,1
DA:321,2
DA:323,1
DA:325,1
DA:326,1
DA:329,1
DA:334,1
DA:336,1
DA:337,1
DA:338,3
DA:340,1
DA:342,3
DA:343,1
DA:346,1
DA:348,0
DA:350,0
DA:351,0
DA:352,0
DA:353,0
DA:354,0
DA:355,0
DA:364,1
DA:365,1
DA:366,1
DA:367,1
DA:368,1
DA:370,1
DA:371,4
DA:372,1
DA:381,1
DA:382,1
DA:383,3
DA:384,1
DA:385,1
DA:386,1
DA:387,1
DA:388,2
DA:392,1
DA:393,1
DA:394,1
DA:395,1
DA:396,1
DA:397,1
DA:400,1
DA:401,1
DA:411,1
DA:417,0
DA:418,0
DA:420,0
DA:422,0
DA:424,0
DA:425,0
DA:426,0
DA:427,0
DA:429,0
DA:431,0
DA:432,0
DA:433,0
DA:434,0
DA:435,0
DA:437,0
DA:438,0
DA:440,0
DA:444,0
DA:445,0
DA:448,0
DA:451,0
DA:457,0
DA:466,0
DA:468,0
DA:470,0
DA:471,0
DA:472,0
DA:474,0
DA:482,0
DA:487,0
DA:488,0
DA:491,0
DA:492,0
DA:496,0
DA:498,0
DA:502,0
DA:504,0
DA:505,0
DA:508,0
DA:509,0
DA:511,0
DA:517,0
DA:520,0
DA:522,0
DA:523,0
DA:526,0
DA:530,0
DA:531,0
DA:537,0
DA:540,0
DA:541,0
DA:542,0
DA:545,0
DA:552,0
DA:553,0
DA:554,0
DA:555,0
DA:557,0
DA:558,0
DA:559,0
DA:561,0
DA:562,0
DA:570,0
DA:571,0
DA:573,0
DA:574,0
DA:575,0
DA:578,0
DA:580,0
DA:581,0
DA:582,0
DA:585,0
DA:586,0
DA:588,0
DA:589,0
DA:590,0
DA:594,0
DA:595,0
DA:604,1
DA:605,1
DA:606,1
DA:607,1
DA:609,1
DA:610,1
DA:617,1
DA:618,1
DA:620,1
DA:621,1
DA:622,1
DA:626,1
DA:627,1
DA:628,1
DA:629,1
DA:630,1
DA:631,1
DA:635,1
DA:636,1
DA:642,1
DA:643,1
DA:644,1
DA:647,1
DA:651,1
DA:652,1
LF:283
LH:114
end_of_record
SF:lib\services\client_prefs_service.dart
DA:15,1
DA:16,1
DA:17,1
DA:20,3
DA:21,3
DA:22,2
DA:27,1
DA:31,1
DA:32,1
DA:33,1
DA:36,2
DA:37,2
DA:38,2
DA:41,1
DA:42,1
DA:43,1
DA:48,1
DA:49,1
DA:50,1
DA:51,1
DA:52,1
LF:21
LH:21
end_of_record
SF:lib\services\payment_service.dart
DA:18,1
DA:19,1
DA:20,1
DA:21,1
DA:22,1
DA:23,1
DA:24,1
DA:28,1
DA:29,2
DA:30,2
DA:31,1
DA:32,1
DA:33,1
DA:34,1
DA:50,1
DA:62,1
DA:63,1
DA:64,2
DA:65,1
DA:66,2
DA:67,1
DA:68,1
DA:69,2
DA:70,1
DA:71,1
DA:72,2
DA:74,1
DA:75,2
DA:87,2
DA:101,49
DA:103,2
DA:104,2
DA:105,2
DA:118,4
DA:120,1
DA:127,2
DA:135,2
DA:136,2
DA:137,2
DA:138,2
DA:139,2
DA:140,1
DA:144,1
DA:145,4
DA:146,1
DA:147,1
DA:149,1
DA:151,2
DA:153,0
DA:154,0
DA:155,0
DA:157,0
DA:158,0
DA:159,0
DA:163,0
DA:165,0
DA:168,6
DA:169,2
DA:178,0
DA:185,0
DA:186,0
DA:187,0
DA:188,0
DA:190,0
DA:192,0
DA:193,0
DA:196,0
DA:197,0
DA:198,0
DA:201,0
DA:208,1
DA:211,1
DA:212,3
DA:213,1
DA:215,1
DA:217,2
DA:218,0
DA:219,0
DA:220,0
DA:223,0
DA:229,0
DA:235,0
DA:238,0
DA:239,0
DA:241,0
DA:244,0
DA:245,0
DA:246,0
DA:249,0
DA:257,1
DA:260,1
DA:261,3
DA:262,1
DA:264,1
DA:265,2
DA:267,0
DA:274,2
DA:275,2
DA:276,2
DA:277,2
DA:278,2
DA:279,2
DA:283,2
DA:284,2
DA:285,2
DA:286,2
DA:287,2
DA:288,2
LF:108
LH:74
end_of_record
SF:lib\services\restaurant_provider.dart
DA:39,2
DA:42,2
DA:45,2
DA:48,0
DA:52,2
DA:53,1
DA:54,2
DA:56,2
DA:59,2
DA:63,2
DA:66,2
DA:69,2
DA:72,2
DA:75,2
DA:78,2
DA:82,3
DA:83,6
DA:84,2
DA:85,10
DA:89,6
DA:93,2
DA:95,4
DA:96,14
DA:100,2
DA:104,3
DA:106,1
DA:107,5
DA:108,1
DA:109,5
DA:110,3
DA:114,2
DA:116,1
DA:117,1
DA:118,1
DA:126,0
DA:127,0
DA:129,0
DA:131,0
DA:132,0
DA:133,0
DA:138,0
DA:143,0
DA:145,0
DA:148,0
DA:150,0
DA:152,0
DA:153,0
DA:154,0
DA:155,0
DA:157,0
DA:159,0
DA:160,0
DA:162,0
DA:166,0
DA:169,0
DA:170,0
DA:172,0
DA:175,0
DA:177,0
DA:179,0
DA:184,0
DA:195,0
DA:198,0
DA:200,0
DA:203,0
DA:205,0
DA:208,0
DA:210,0
DA:213,0
DA:215,0
DA:218,0
DA:220,0
DA:223,0
DA:228,0
DA:231,0
DA:232,0
DA:233,0
DA:235,0
DA:238,0
DA:239,0
DA:240,0
DA:241,0
DA:245,0
DA:246,0
DA:248,0
DA:253,0
DA:254,0
DA:255,0
DA:262,1
DA:264,2
DA:266,5
DA:271,1
DA:274,0
DA:278,0
DA:279,0
DA:283,1
DA:285,1
DA:286,1
DA:288,4
DA:291,0
DA:295,1
DA:297,1
DA:298,1
DA:300,0
DA:304,1
DA:306,1
DA:307,1
DA:309,0
DA:313,1
DA:315,1
DA:316,1
DA:318,0
DA:322,1
DA:324,1
DA:325,1
DA:327,0
DA:331,1
DA:333,1
DA:334,1
DA:336,0
DA:340,1
DA:342,1
DA:343,4
DA:346,4
DA:347,1
DA:350,1
DA:351,2
DA:352,2
DA:353,1
DA:356,1
DA:359,0
DA:369,0
DA:370,0
DA:373,0
DA:374,0
DA:378,0
DA:382,0
DA:384,0
DA:387,0
DA:388,0
DA:389,0
DA:390,0
DA:393,0
DA:394,0
DA:395,0
DA:396,0
DA:399,0
DA:400,0
DA:401,0
DA:402,0
DA:406,0
DA:408,0
DA:410,0
DA:414,0
DA:416,0
DA:418,0
DA:422,0
DA:425,0
DA:426,0
DA:427,0
DA:429,0
DA:431,0
DA:432,0
DA:433,0
DA:438,0
DA:440,0
DA:442,0
DA:443,0
DA:446,0
DA:452,0
DA:454,0
DA:455,0
DA:456,0
DA:457,0
DA:459,0
DA:461,0
DA:462,0
DA:466,0
DA:467,0
DA:470,0
DA:471,0
DA:476,0
DA:480,0
DA:481,0
DA:483,0
DA:487,0
DA:493,0
DA:495,0
DA:497,0
DA:498,0
DA:499,0
DA:500,0
DA:501,0
DA:502,0
DA:503,0
DA:504,0
DA:505,0
DA:507,0
DA:510,0
DA:512,0
DA:515,0
DA:520,0
DA:523,0
DA:526,0
DA:527,0
DA:529,0
DA:530,0
DA:531,0
DA:533,0
DA:534,0
DA:535,0
DA:537,0
DA:538,0
DA:539,0
DA:541,0
DA:542,0
DA:543,0
DA:545,0
DA:546,0
DA:547,0
DA:549,0
DA:550,0
DA:551,0
DA:554,0
DA:560,1
DA:562,2
DA:563,2
DA:564,1
DA:565,2
DA:567,0
DA:571,1
DA:573,1
DA:574,2
DA:575,1
DA:582,1
DA:584,1
DA:585,0
DA:589,1
DA:590,1
DA:591,1
DA:592,1
DA:596,2
DA:597,2
DA:598,3
DA:602,1
DA:603,2
DA:605,1
DA:610,0
DA:612,0
DA:613,0
DA:615,0
DA:619,0
DA:622,0
DA:623,0
DA:627,0
DA:630,0
DA:631,0
DA:634,0
DA:635,0
DA:639,0
DA:642,0
DA:643,0
DA:644,0
DA:648,0
DA:651,0
DA:652,0
DA:653,0
DA:654,0
DA:658,2
DA:659,2
DA:660,3
DA:661,3
DA:662,2
DA:664,1
DA:665,2
DA:669,1
DA:670,1
DA:675,0
DA:677,0
DA:681,0
DA:684,0
DA:685,0
DA:686,0
DA:689,0
DA:690,0
DA:691,0
DA:692,0
DA:693,0
DA:694,0
DA:695,0
DA:696,0
DA:705,0
DA:708,0
DA:710,0
DA:713,1
DA:714,1
DA:715,1
DA:720,2
DA:721,2
DA:722,2
DA:723,2
DA:724,4
DA:725,4
DA:726,4
DA:727,4
DA:728,12
DA:729,2
DA:731,4
DA:732,10
DA:734,2
DA:737,0
DA:739,0
DA:741,0
DA:746,0
DA:747,0
DA:748,0
DA:749,0
DA:753,0
DA:754,0
DA:755,0
DA:759,0
DA:760,0
DA:764,0
DA:765,0
DA:766,0
DA:769,0
DA:771,0
DA:772,0
DA:778,0
DA:779,0
DA:780,0
DA:781,0
DA:782,0
DA:786,0
DA:787,0
DA:788,0
DA:789,0
DA:790,0
DA:792,0
DA:793,0
DA:797,0
DA:800,0
DA:803,0
DA:804,0
DA:807,0
DA:814,0
DA:817,0
DA:820,0
DA:823,0
DA:826,0
DA:827,0
DA:828,0
DA:829,0
DA:832,0
DA:833,0
DA:836,0
DA:837,0
DA:838,0
DA:839,0
DA:840,0
DA:843,0
DA:844,0
DA:847,0
DA:849,0
DA:850,0
DA:851,0
DA:852,0
DA:854,0
DA:858,0
DA:859,0
DA:860,0
DA:861,0
DA:862,0
DA:866,0
DA:868,0
DA:869,0
DA:880,0
DA:882,0
DA:883,0
DA:885,0
DA:886,0
DA:887,0
DA:888,0
DA:889,0
DA:891,0
DA:893,0
DA:897,0
DA:902,0
DA:904,0
DA:905,0
DA:908,0
DA:909,0
DA:911,0
DA:912,0
DA:914,0
DA:916,0
DA:917,0
DA:918,0
DA:919,0
DA:920,0
DA:921,0
DA:922,0
DA:923,0
DA:924,0
DA:928,0
DA:937,1
DA:938,2
DA:939,1
DA:942,1
DA:943,2
DA:944,1
DA:952,0
DA:954,0
DA:955,0
DA:956,0
DA:957,0
DA:959,0
DA:963,0
DA:969,0
DA:971,0
DA:972,0
DA:973,0
DA:974,0
DA:976,0
DA:978,0
DA:979,0
DA:984,0
DA:986,0
DA:990,0
DA:992,0
DA:995,0
DA:996,0
DA:997,0
DA:998,0
DA:999,0
DA:1002,0
DA:1004,0
DA:1007,0
DA:1008,0
DA:1013,0
DA:1015,0
DA:1016,0
DA:1018,0
DA:1019,0
DA:1020,0
DA:1022,0
DA:1023,0
DA:1024,0
DA:1028,0
DA:1029,0
DA:1033,0
DA:1036,0
DA:1039,0
DA:1044,0
DA:1046,0
DA:1050,0
DA:1053,0
DA:1055,0
DA:1057,0
DA:1058,0
DA:1062,0
DA:1064,0
DA:1068,0
DA:1071,0
DA:1073,0
DA:1077,0
DA:1082,0
DA:1085,0
DA:1090,0
DA:1092,0
DA:1096,0
DA:1097,0
DA:1099,0
DA:1104,0
DA:1105,0
DA:1106,0
DA:1109,0
DA:1112,0
DA:1116,0
DA:1120,0
DA:1122,0
DA:1124,0
DA:1125,0
DA:1126,0
DA:1127,0
DA:1131,0
DA:1132,0
DA:1133,0
DA:1137,0
DA:1138,0
DA:1139,0
DA:1143,0
DA:1145,0
DA:1147,0
DA:1148,0
DA:1149,0
DA:1150,0
DA:1152,0
DA:1153,0
DA:1155,0
DA:1156,0
DA:1159,0
DA:1160,0
DA:1164,0
DA:1166,0
DA:1167,0
DA:1171,1
DA:1172,7
DA:1173,2
DA:1174,4
DA:1176,3
DA:1178,1
DA:1181,2
DA:1182,9
DA:1183,2
DA:1186,2
DA:1187,9
DA:1188,4
DA:1189,1
DA:1190,3
DA:1192,2
DA:1194,1
DA:1198,1
DA:1199,2
DA:1200,1
DA:1203,0
DA:1210,0
DA:1211,0
DA:1212,0
DA:1214,0
DA:1215,0
DA:1217,0
DA:1218,0
DA:1219,0
DA:1222,0
DA:1224,0
DA:1225,0
DA:1226,0
DA:1227,0
DA:1229,0
DA:1231,0
DA:1232,0
DA:1233,0
DA:1234,0
DA:1236,0
DA:1237,0
DA:1238,0
DA:1240,0
DA:1241,0
DA:1244,0
DA:1248,0
DA:1250,0
DA:1251,0
DA:1255,0
DA:1256,0
DA:1257,0
DA:1261,0
DA:1262,0
DA:1265,0
DA:1266,0
DA:1269,0
DA:1270,0
DA:1271,0
DA:1275,0
DA:1278,0
DA:1279,0
DA:1281,0
DA:1282,0
DA:1283,0
DA:1284,0
DA:1285,0
DA:1286,0
DA:1288,0
DA:1290,0
DA:1291,0
DA:1293,0
DA:1296,0
DA:1297,0
DA:1300,0
DA:1301,0
DA:1302,0
DA:1303,0
DA:1306,0
DA:1307,0
DA:1311,0
DA:1312,0
DA:1315,0
DA:1316,0
DA:1317,0
DA:1320,0
DA:1321,0
DA:1325,0
DA:1326,0
DA:1329,0
DA:1331,0
DA:1333,0
DA:1335,0
DA:1336,0
DA:1337,0
DA:1338,0
DA:1340,0
DA:1344,0
DA:1347,0
DA:1348,0
DA:1349,0
DA:1355,1
DA:1356,1
DA:1357,1
DA:1358,1
DA:1361,2
DA:1362,10
DA:1364,2
DA:1366,1
DA:1367,2
DA:1368,1
DA:1369,2
DA:1370,6
DA:1371,1
DA:1374,1
DA:1375,1
DA:1378,1
DA:1379,1
DA:1382,1
DA:1383,1
DA:1384,1
DA:1386,6
DA:1389,1
DA:1390,1
DA:1393,1
DA:1395,2
DA:1396,5
DA:1397,5
DA:1398,2
DA:1399,4
DA:1400,4
DA:1401,2
DA:1402,2
DA:1403,2
DA:1406,1
DA:1407,1
DA:1408,1
DA:1412,1
DA:1414,2
DA:1418,1
DA:1422,2
DA:1423,2
DA:1424,1
DA:1426,0
DA:1430,1
DA:1431,1
DA:1432,1
DA:1433,1
DA:1436,1
DA:1437,2
DA:1438,2
DA:1439,2
DA:1440,2
DA:1441,2
DA:1442,2
DA:1443,2
DA:1444,2
DA:1447,4
DA:1450,1
DA:1453,1
DA:1456,1
DA:1458,2
DA:1460,1
LF:667
LH:198
end_of_record
SF:lib\utils\app_colors.dart
DA:74,0
DA:75,0
DA:76,0
DA:77,0
DA:78,0
LF:5
LH:0
end_of_record
SF:lib\widgets\custom_app_bar.dart
DA:15,151
DA:24,6
DA:26,6
DA:31,6
DA:32,6
DA:33,6
DA:34,12
DA:43,6
DA:44,1
DA:46,0
DA:49,6
DA:50,6
DA:53,6
DA:54,6
DA:56,6
DA:57,6
DA:58,6
DA:60,6
DA:62,6
DA:63,6
DA:64,6
DA:65,6
DA:75,6
DA:77,6
DA:78,6
DA:80,6
DA:85,10
DA:86,0
DA:87,5
DA:89,5
DA:91,5
DA:93,5
DA:94,5
DA:100,5
DA:101,0
DA:103,0
DA:105,0
DA:106,0
DA:112,5
DA:113,0
DA:116,0
DA:118,0
DA:121,0
DA:130,0
DA:131,0
DA:151,6
LF:46
LH:34
end_of_record
SF:lib\screens\notification_screen.dart
DA:10,48
DA:12,1
DA:13,1
DA:21,1
DA:23,1
DA:24,2
DA:28,3
DA:29,2
DA:31,2
DA:34,1
DA:36,2
DA:37,1
DA:40,1
DA:42,1
DA:49,1
DA:50,1
DA:51,1
DA:57,2
DA:58,1
DA:61,1
DA:62,1
DA:65,2
DA:66,1
DA:67,1
DA:69,1
DA:71,1
DA:72,1
DA:78,2
DA:79,1
DA:82,1
DA:84,1
DA:86,1
DA:87,4
DA:88,1
DA:99,2
DA:100,1
DA:102,1
DA:103,1
DA:104,1
DA:105,1
DA:106,0
DA:107,1
DA:118,1
DA:121,1
DA:122,1
DA:123,1
DA:125,1
DA:127,2
DA:128,1
DA:129,2
DA:130,1
DA:143,1
DA:169,1
DA:171,1
DA:173,1
DA:174,1
DA:176,1
DA:177,1
DA:178,1
DA:180,2
DA:189,1
DA:191,1
DA:194,1
DA:195,2
DA:196,1
DA:197,1
DA:199,1
DA:200,2
DA:201,2
DA:205,1
DA:206,1
DA:207,1
DA:208,1
DA:209,1
DA:210,1
DA:212,1
DA:218,1
DA:219,1
DA:229,1
DA:231,1
DA:233,1
DA:234,1
DA:235,1
DA:236,1
DA:244,1
DA:245,2
DA:250,0
DA:251,1
DA:257,0
DA:258,0
DA:259,0
DA:260,0
DA:270,0
DA:286,1
DA:287,2
DA:289,0
DA:291,0
DA:292,0
DA:294,0
DA:301,1
DA:302,2
DA:304,0
DA:306,0
DA:308,0
DA:309,0
DA:316,1
DA:317,1
DA:318,1
DA:320,2
DA:322,2
DA:323,0
DA:324,2
DA:325,2
DA:326,0
DA:328,0
DA:329,0
DA:331,0
DA:335,0
DA:337,0
DA:338,0
DA:342,0
DA:343,0
DA:344,0
DA:348,0
DA:351,0
DA:352,0
DA:354,0
DA:355,0
DA:360,0
DA:362,0
DA:363,0
DA:364,0
DA:367,0
DA:368,0
DA:369,0
DA:372,0
DA:373,0
DA:374,0
DA:377,0
DA:394,0
DA:395,0
DA:396,0
DA:397,0
DA:401,0
LF:144
LH:97
end_of_record
SF:lib\services\analytics_service.dart
DA:17,0
DA:24,1
DA:25,2
DA:31,1
DA:33,2
DA:44,1
DA:50,2
DA:59,1
DA:60,2
DA:64,1
DA:65,2
DA:76,1
DA:84,2
DA:95,1
DA:96,2
DA:100,1
DA:101,2
DA:109,1
DA:113,2
DA:117,1
DA:118,2
DA:122,1
DA:123,2
DA:131,1
DA:132,2
DA:140,1
DA:141,2
DA:145,1
DA:146,2
DA:150,1
DA:151,2
DA:159,1
DA:163,1
DA:165,2
DA:166,1
DA:171,2
DA:174,1
DA:175,0
DA:181,0
DA:182,0
DA:183,0
DA:187,0
DA:188,0
DA:189,0
DA:190,0
DA:192,0
DA:196,0
LF:47
LH:36
end_of_record
SF:lib\services\api_service.dart
DA:16,0
DA:18,11
DA:19,33
DA:20,0
DA:23,0
DA:24,0
DA:25,0
DA:26,0
DA:27,0
DA:28,0
DA:33,0
DA:34,0
DA:41,0
DA:42,0
DA:45,0
DA:46,0
DA:48,0
DA:51,0
DA:53,0
DA:54,0
DA:56,0
DA:57,0
DA:58,0
DA:62,0
DA:63,0
DA:65,0
DA:67,0
DA:68,0
DA:70,0
DA:71,0
DA:73,0
DA:77,0
DA:78,0
DA:79,0
DA:81,0
DA:82,0
DA:84,0
DA:88,0
DA:89,0
DA:93,0
DA:94,0
DA:96,0
DA:97,0
DA:99,0
DA:103,0
DA:105,0
DA:112,0
DA:114,0
DA:120,0
DA:122,0
DA:123,0
DA:125,0
DA:128,0
DA:129,0
DA:131,0
DA:132,0
DA:133,0
DA:137,0
DA:138,0
DA:140,0
DA:142,0
DA:143,0
DA:145,0
DA:146,0
DA:148,0
DA:152,0
DA:153,0
DA:154,0
DA:156,0
DA:157,0
DA:159,0
DA:163,0
DA:164,0
DA:168,0
DA:169,0
DA:171,0
DA:172,0
DA:174,0
DA:178,0
DA:180,0
DA:190,0
DA:193,0
DA:194,0
DA:195,0
DA:197,0
DA:198,0
DA:199,0
DA:200,0
DA:202,0
DA:203,0
DA:204,0
DA:205,0
DA:208,0
DA:209,0
DA:212,0
DA:213,0
DA:216,0
DA:218,0
DA:219,0
DA:223,0
DA:224,0
DA:225,0
DA:227,0
DA:231,0
DA:232,0
DA:235,0
DA:236,0
DA:238,0
DA:241,0
DA:243,0
DA:244,0
DA:248,0
DA:249,0
DA:250,0
DA:251,0
DA:253,0
DA:260,0
DA:261,0
DA:268,0
DA:270,0
DA:272,0
DA:275,0
DA:276,0
DA:279,0
DA:283,0
DA:284,0
DA:285,0
DA:286,0
DA:288,0
DA:290,0
DA:291,0
DA:292,0
DA:295,0
DA:297,0
DA:298,0
DA:300,0
DA:307,0
DA:310,0
DA:311,0
DA:313,0
DA:314,0
DA:315,0
DA:316,0
DA:318,0
DA:319,0
DA:323,0
DA:325,0
DA:326,0
DA:327,0
DA:328,0
DA:330,0
DA:331,0
DA:333,0
DA:337,0
DA:339,0
DA:341,0
DA:343,0
DA:348,0
DA:350,0
DA:352,0
DA:354,0
DA:362,0
DA:365,0
DA:366,0
DA:368,0
DA:369,0
DA:370,0
DA:371,0
DA:373,0
DA:376,0
DA:381,0
DA:384,0
DA:385,0
DA:386,0
DA:387,0
DA:389,0
DA:394,0
DA:398,0
DA:399,0
DA:400,0
DA:401,0
DA:403,0
DA:418,0
LF:183
LH:2
end_of_record
SF:lib\utils\api_exceptions.dart
DA:22,96
DA:25,2
DA:27,1
DA:28,3
DA:31,1
DA:33,1
DA:36,1
DA:38,1
DA:40,1
DA:41,1
DA:42,1
DA:45,1
DA:49,1
DA:50,1
DA:51,1
DA:55,1
DA:56,2
DA:62,1
DA:63,1
DA:66,1
DA:67,1
DA:68,2
DA:69,2
DA:70,2
DA:71,1
DA:81,48
DA:83,1
DA:87,1
DA:88,2
DA:93,48
DA:95,1
DA:96,2
DA:101,48
DA:103,1
DA:104,2
DA:109,48
DA:111,1
DA:112,2
DA:117,2
DA:119,1
DA:120,2
DA:125,48
DA:127,1
DA:128,2
DA:133,2
DA:135,1
DA:136,3
DA:141,1
DA:143,1
DA:147,1
DA:148,2
LF:51
LH:51
end_of_record
SF:lib\services\auth_service.dart
DA:10,6
DA:16,2
DA:17,2
DA:18,2
DA:22,2
DA:23,2
DA:24,2
DA:28,1
DA:29,1
DA:30,1
DA:34,2
DA:37,1
DA:38,4
DA:39,1
DA:43,2
DA:49,2
DA:50,0
DA:52,0
DA:53,0
DA:54,0
DA:56,0
DA:57,0
DA:59,0
DA:61,0
DA:62,0
DA:65,4
DA:70,1
DA:78,1
DA:79,3
DA:80,1
DA:84,2
DA:85,1
DA:86,1
DA:87,1
DA:88,1
DA:89,0
DA:93,4
DA:95,2
DA:98,0
DA:101,0
DA:102,0
DA:103,0
DA:104,0
DA:105,0
DA:110,0
DA:111,0
DA:112,0
DA:114,0
DA:118,0
DA:119,0
DA:120,0
DA:125,0
DA:130,0
DA:132,0
DA:133,0
DA:136,2
DA:141,2
DA:142,2
DA:143,2
DA:146,2
DA:147,2
DA:153,1
DA:155,1
DA:157,1
DA:160,1
DA:161,3
DA:162,1
DA:165,1
DA:167,2
DA:170,2
DA:172,0
DA:173,0
DA:174,0
DA:176,0
DA:178,0
DA:179,0
DA:182,2
DA:187,0
DA:190,0
DA:191,0
DA:192,0
DA:195,0
DA:196,0
DA:197,0
DA:198,0
DA:199,0
DA:200,0
DA:202,0
DA:204,0
DA:208,0
DA:209,0
DA:210,0
DA:211,0
DA:218,1
DA:219,1
DA:220,1
DA:223,1
DA:224,1
DA:225,1
DA:226,1
DA:227,1
DA:230,0
DA:231,0
DA:232,0
DA:233,0
DA:236,0
DA:237,0
DA:238,0
DA:243,2
DA:245,1
DA:246,4
DA:247,1
DA:251,3
DA:254,2
DA:256,0
DA:257,0
DA:258,0
DA:259,0
DA:260,0
DA:261,0
DA:264,0
DA:266,0
DA:270,4
DA:275,1
DA:281,1
DA:282,3
DA:283,1
DA:287,2
DA:288,1
DA:294,2
DA:296,0
DA:297,0
DA:299,0
DA:302,0
DA:304,0
DA:308,2
LF:136
LH:67
end_of_record
SF:lib\services\favorites_service.dart
DA:8,2
DA:9,2
DA:10,4
DA:11,10
DA:15,2
DA:16,2
DA:17,10
DA:21,1
DA:22,1
DA:23,1
DA:24,1
DA:29,1
DA:30,1
DA:31,1
DA:32,1
DA:37,2
DA:38,2
DA:39,2
DA:40,2
DA:42,2
DA:44,2
DA:49,1
DA:50,1
DA:51,1
LF:24
LH:24
end_of_record
SF:lib\services\fcm_service.dart
DA:11,0
DA:14,0
DA:22,0
DA:23,0
DA:34,2
DA:35,1
DA:37,1
DA:38,2
DA:40,0
DA:43,0
DA:46,0
DA:54,0
DA:57,0
DA:58,0
DA:63,0
DA:64,0
DA:66,0
DA:69,0
DA:81,0
DA:84,0
DA:87,0
DA:88,0
DA:92,0
DA:93,0
DA:97,0
DA:101,0
DA:102,0
DA:106,0
DA:109,0
DA:111,0
DA:115,0
DA:116,0
DA:119,0
DA:120,0
DA:121,0
DA:126,0
DA:128,0
DA:129,0
DA:130,0
DA:131,0
DA:132,0
DA:133,0
DA:134,0
DA:135,0
DA:136,0
DA:151,0
DA:153,0
DA:161,0
DA:163,0
DA:166,0
DA:167,0
DA:168,0
DA:171,0
DA:173,0
DA:177,0
DA:180,0
DA:185,0
DA:187,0
DA:190,0
DA:191,0
DA:192,0
DA:194,0
DA:198,0
DA:203,0
DA:205,0
DA:206,0
DA:211,0
DA:213,0
LF:68
LH:4
end_of_record
SF:lib\services\notification_service.dart
DA:12,3
DA:15,3
DA:19,6
DA:22,12
DA:23,6
DA:25,0
DA:30,3
DA:32,3
DA:33,3
DA:35,3
DA:36,3
DA:39,3
DA:41,9
DA:42,3
DA:44,0
DA:45,0
DA:50,3
DA:52,3
DA:55,15
DA:57,12
DA:61,3
DA:62,3
DA:64,12
DA:66,0
DA:71,1
DA:75,1
DA:78,2
DA:79,1
DA:80,3
DA:82,2
DA:83,0
DA:86,2
DA:87,2
DA:88,0
DA:91,2
DA:92,1
DA:98,1
DA:99,3
DA:100,1
DA:101,0
DA:103,1
DA:106,0
DA:107,0
DA:111,1
DA:121,1
DA:123,3
DA:125,0
DA:126,0
DA:127,0
DA:128,0
DA:133,1
DA:135,1
DA:137,2
DA:140,1
DA:141,2
DA:142,1
DA:143,0
DA:144,0
DA:145,1
DA:146,0
DA:147,0
DA:148,0
DA:151,0
DA:153,1
DA:156,0
DA:157,0
DA:165,3
DA:167,3
DA:168,12
DA:170,6
DA:171,9
DA:172,3
DA:173,9
DA:176,0
DA:181,3
DA:183,3
DA:185,12
DA:186,3
DA:187,6
DA:189,0
DA:194,3
DA:196,3
DA:197,12
DA:198,3
DA:199,9
DA:201,0
DA:206,3
DA:208,3
DA:209,3
DA:210,6
DA:212,0
DA:217,1
DA:219,1
DA:220,4
DA:222,0
DA:228,1
DA:230,1
DA:231,3
DA:234,5
DA:236,1
DA:238,3
DA:239,1
DA:240,3
DA:243,0
DA:248,2
DA:249,2
DA:250,4
DA:253,2
DA:254,2
DA:258,4
DA:261,6
DA:264,1
DA:265,1
DA:273,1
DA:274,1
DA:283,1
DA:284,0
DA:290,0
DA:293,1
DA:294,0
DA:301,0
DA:305,1
LF:122
LH:91
end_of_record
SF:lib\services\realtime_service.dart
DA:10,33
DA:11,22
DA:12,11
DA:30,0
DA:31,0
DA:32,0
DA:33,0
DA:36,0
DA:37,0
DA:38,0
DA:42,0
DA:43,0
DA:45,0
DA:46,0
DA:47,0
DA:48,0
DA:49,0
DA:50,0
DA:51,0
DA:52,0
DA:53,0
DA:56,0
DA:58,0
DA:59,0
DA:60,0
DA:62,0
DA:63,0
DA:64,0
DA:65,0
DA:66,0
DA:67,0
DA:70,0
DA:71,0
DA:72,0
DA:73,0
DA:74,0
DA:75,0
DA:77,0
DA:78,0
DA:79,0
DA:80,0
DA:81,0
DA:82,0
DA:83,0
DA:84,0
DA:85,0
DA:86,0
DA:87,0
DA:89,0
DA:92,0
DA:93,0
DA:94,0
DA:95,0
DA:96,0
DA:97,0
DA:98,0
DA:99,0
DA:100,0
DA:101,0
DA:104,0
DA:105,0
DA:106,0
DA:107,0
DA:108,0
DA:109,0
DA:110,0
DA:111,0
DA:112,0
DA:115,0
DA:116,0
DA:117,0
DA:118,0
DA:119,0
DA:120,0
DA:123,0
DA:124,0
DA:127,0
DA:128,0
DA:131,0
DA:132,0
DA:136,0
DA:137,0
DA:138,0
DA:139,0
DA:140,0
DA:141,0
DA:145,0
DA:146,0
DA:148,0
DA:149,0
DA:152,0
DA:153,0
DA:159,0
DA:161,0
DA:162,0
DA:163,0
DA:164,0
DA:165,0
DA:168,0
DA:169,0
DA:170,0
DA:173,0
DA:174,0
DA:175,0
DA:178,0
DA:180,0
DA:185,0
DA:187,0
DA:188,0
DA:189,0
DA:192,0
DA:194,0
DA:197,0
DA:198,0
DA:199,0
DA:200,0
DA:201,0
DA:203,0
DA:204,0
DA:205,0
DA:206,0
DA:207,0
DA:208,0
DA:211,0
DA:212,0
DA:213,0
DA:214,0
DA:215,0
DA:218,0
DA:219,0
DA:225,0
DA:226,0
DA:227,0
DA:233,0
DA:235,0
DA:236,0
DA:237,0
DA:238,0
DA:239,0
DA:241,0
DA:243,0
DA:244,0
DA:245,0
DA:249,0
DA:250,0
DA:251,0
DA:253,0
DA:259,0
DA:260,0
DA:261,0
DA:266,0
DA:268,0
DA:269,0
DA:270,0
DA:271,0
DA:273,0
DA:275,0
DA:276,0
DA:277,0
DA:281,0
DA:282,0
DA:283,0
DA:285,0
DA:290,0
DA:291,0
DA:292,0
DA:299,0
DA:300,0
DA:301,0
DA:302,0
DA:304,0
DA:306,0
DA:307,0
DA:308,0
DA:312,0
DA:313,0
DA:314,0
DA:316,0
DA:321,0
DA:323,0
DA:324,0
DA:325,0
DA:326,0
DA:327,0
DA:328,0
DA:331,0
DA:332,0
DA:335,0
DA:336,0
DA:337,0
DA:339,0
DA:342,0
DA:343,0
DA:344,0
DA:345,0
DA:347,0
DA:348,0
DA:349,0
DA:351,0
DA:352,0
DA:353,0
DA:357,0
DA:358,0
DA:360,0
DA:361,0
DA:363,0
DA:364,0
DA:365,0
DA:368,0
DA:369,0
DA:371,0
DA:372,0
DA:373,0
DA:374,0
DA:375,0
DA:380,0
DA:381,0
DA:382,0
DA:384,0
DA:385,0
DA:387,0
DA:388,0
DA:391,0
DA:393,0
DA:394,0
DA:397,0
DA:398,0
DA:399,0
DA:400,0
DA:401,0
DA:405,0
DA:406,0
DA:407,0
DA:411,0
DA:412,0
DA:413,0
DA:418,0
DA:419,0
DA:420,0
DA:422,0
DA:423,0
DA:424,0
DA:425,0
DA:426,0
DA:427,0
DA:430,0
DA:431,0
DA:433,0
DA:434,0
DA:435,0
DA:437,0
DA:442,1
DA:443,1
DA:445,0
DA:446,0
DA:447,0
DA:448,0
DA:449,0
DA:451,0
DA:456,1
DA:457,1
DA:458,1
DA:459,1
DA:460,1
DA:461,1
DA:464,0
DA:465,0
DA:466,0
DA:469,0
DA:470,0
DA:471,0
DA:472,0
DA:473,0
DA:474,0
DA:475,0
DA:476,0
DA:477,0
DA:478,0
DA:479,0
DA:481,0
DA:482,0
DA:483,0
DA:484,0
DA:485,0
DA:486,0
DA:487,0
DA:488,0
LF:287
LH:11
end_of_record
SF:lib\utils\qr_helper.dart
DA:12,1
DA:13,2
DA:16,2
DA:17,2
DA:18,4
DA:24,2
DA:25,2
DA:27,2
DA:28,3
DA:34,4
DA:35,2
DA:41,6
DA:42,1
DA:45,4
DA:46,6
DA:47,6
DA:53,1
DA:55,1
DA:56,1
DA:59,2
DA:60,3
DA:61,3
DA:65,1
DA:67,5
DA:68,3
DA:69,3
DA:73,2
DA:76,0
DA:82,1
DA:83,1
DA:86,1
DA:90,1
DA:91,2
LF:33
LH:32
end_of_record
SF:lib\models\saved_restaurant.dart
DA:12,3
DA:21,4
DA:22,2
DA:23,2
DA:24,2
DA:25,2
DA:26,2
DA:27,1
DA:30,4
DA:31,4
DA:32,4
DA:33,6
DA:34,6
DA:35,6
DA:36,6
DA:39,3
DA:40,3
DA:41,6
DA:42,3
DA:43,3
DA:44,3
DA:45,3
DA:46,3
DA:47,6
DA:48,1
DA:49,1
DA:52,3
DA:53,3
DA:55,9
DA:56,3
DA:59,2
DA:60,10
DA:63,1
DA:64,3
DA:65,2
DA:66,0
DA:67,0
DA:68,0
DA:69,0
DA:70,0
DA:71,0
LF:41
LH:35
end_of_record
SF:lib\screens\orders_screen.dart
DA:15,19
DA:17,1
DA:18,1
DA:23,1
DA:36,1
DA:38,1
DA:40,2
DA:44,3
DA:45,2
DA:47,2
DA:50,2
DA:53,1
DA:55,3
DA:56,2
DA:60,3
DA:61,1
DA:62,3
DA:63,1
DA:64,1
DA:65,1
DA:70,1
DA:71,2
DA:72,0
DA:73,0
DA:78,1
DA:79,3
DA:80,0
DA:82,0
DA:86,1
DA:87,1
DA:88,4
DA:91,1
DA:93,2
DA:94,2
DA:95,2
DA:96,2
DA:97,1
DA:100,1
DA:102,2
DA:103,0
DA:108,0
DA:117,0
DA:127,1
DA:132,1
DA:144,1
DA:146,1
DA:147,1
DA:150,1
DA:151,1
DA:152,1
DA:158,2
DA:159,1
DA:162,1
DA:163,1
DA:164,1
DA:165,0
DA:166,0
DA:168,1
DA:170,1
DA:172,1
DA:174,1
DA:175,1
DA:181,1
DA:186,1
DA:191,1
DA:192,1
DA:193,1
DA:195,1
DA:196,6
DA:197,1
DA:207,1
DA:208,1
DA:210,2
DA:211,1
DA:212,2
DA:213,1
DA:226,1
DA:227,1
DA:229,1
DA:230,1
DA:231,1
DA:232,1
DA:233,2
DA:234,1
DA:236,1
DA:237,1
DA:240,1
DA:243,1
DA:244,1
DA:245,1
DA:253,1
DA:255,1
DA:269,1
DA:270,1
DA:271,1
DA:273,1
DA:291,1
DA:292,1
DA:293,2
DA:294,1
DA:296,1
DA:308,1
DA:309,1
DA:311,1
DA:313,1
DA:322,1
DA:324,1
DA:325,1
DA:327,1
DA:328,3
DA:334,1
DA:336,1
DA:337,1
DA:339,1
DA:340,1
DA:341,2
DA:345,1
DA:346,2
DA:351,1
DA:354,1
DA:355,2
DA:356,1
DA:358,1
DA:359,2
DA:360,1
DA:369,1
DA:371,1
DA:373,1
DA:374,1
DA:375,3
DA:376,1
DA:381,4
DA:382,1
DA:383,1
DA:385,1
DA:386,1
DA:388,1
DA:391,1
DA:392,1
DA:393,1
DA:394,2
DA:401,1
DA:402,1
DA:403,1
DA:409,1
DA:411,0
DA:412,0
DA:418,1
DA:420,1
DA:423,1
DA:424,3
DA:425,1
DA:431,3
DA:433,1
DA:434,1
DA:435,1
DA:436,1
DA:437,2
DA:438,1
DA:446,1
DA:447,1
DA:448,2
DA:449,1
DA:458,2
DA:459,3
DA:461,1
DA:463,1
DA:464,2
DA:465,1
DA:472,2
DA:473,3
DA:475,1
DA:476,1
DA:477,1
DA:478,1
DA:479,0
DA:480,1
DA:488,1
DA:489,3
DA:490,0
DA:494,0
DA:495,0
DA:496,0
DA:497,0
DA:498,0
DA:501,0
DA:503,0
DA:510,0
DA:512,0
DA:520,1
DA:521,0
DA:522,1
DA:541,1
DA:542,1
DA:544,1
DA:545,1
DA:546,1
DA:547,1
DA:548,1
DA:551,1
DA:552,2
DA:560,1
DA:561,1
DA:563,1
DA:564,1
DA:565,2
DA:566,1
DA:573,1
DA:574,4
DA:580,1
DA:581,3
DA:582,1
DA:592,1
DA:594,1
DA:596,1
DA:598,1
DA:600,1
DA:602,1
DA:604,1
DA:606,1
DA:611,1
DA:613,1
DA:615,1
DA:617,1
DA:619,1
DA:621,1
DA:623,1
DA:625,1
DA:630,1
DA:631,14
DA:634,1
DA:635,1
DA:636,1
DA:637,2
DA:640,3
DA:641,1
DA:642,1
DA:643,2
DA:646,1
DA:647,1
DA:648,1
DA:649,1
DA:650,2
DA:665,1
DA:666,1
DA:667,1
DA:668,2
DA:669,3
DA:670,1
DA:673,1
DA:674,4
DA:676,4
DA:678,4
DA:679,3
DA:684,2
DA:690,1
DA:691,1
DA:692,2
DA:700,0
DA:701,0
DA:702,0
DA:703,0
DA:705,0
DA:706,0
DA:707,0
DA:708,0
DA:720,0
DA:721,0
DA:722,0
DA:725,0
DA:732,0
LF:271
LH:235
end_of_record
SF:lib\services\rating_service.dart
DA:7,2
DA:8,2
DA:9,2
DA:10,2
DA:12,1
DA:13,1
DA:14,4
DA:17,0
DA:21,2
DA:22,2
DA:23,4
DA:26,1
DA:27,1
DA:28,1
DA:31,1
DA:36,1
DA:37,1
DA:38,2
DA:41,2
DA:43,1
DA:45,5
DA:49,1
DA:50,1
DA:51,1
LF:24
LH:23
end_of_record
SF:lib\widgets\rating_dialog.dart
DA:11,1
DA:17,1
DA:18,1
DA:26,1
DA:28,2
DA:29,1
DA:32,0
DA:33,0
DA:34,0
DA:35,0
DA:36,0
DA:37,0
DA:38,0
DA:40,0
DA:42,0
DA:43,0
DA:44,0
DA:48,1
DA:50,1
DA:51,2
DA:53,1
DA:54,1
DA:62,1
DA:63,4
DA:68,1
DA:70,1
DA:73,1
DA:75,2
DA:76,1
DA:77,1
DA:78,0
DA:79,1
DA:81,1
DA:82,2
DA:92,2
DA:94,0
DA:95,0
DA:96,0
DA:99,1
DA:100,1
DA:101,1
DA:104,1
DA:107,1
DA:108,1
DA:110,1
DA:111,1
DA:119,1
DA:120,1
DA:121,1
DA:124,1
DA:125,2
DA:126,1
DA:130,1
DA:145,0
DA:147,0
DA:149,0
DA:151,0
DA:153,0
DA:155,0
LF:59
LH:38
end_of_record
SF:lib\screens\auth_screen.dart
DA:8,19
DA:10,2
DA:11,2
DA:30,1
DA:31,2
DA:34,2
DA:35,1
DA:36,1
DA:40,0
DA:41,0
DA:42,0
DA:43,0
DA:47,2
DA:49,4
DA:50,4
DA:51,4
DA:52,4
DA:53,4
DA:54,2
DA:57,1
DA:59,3
DA:60,1
DA:61,1
DA:68,1
DA:69,3
DA:71,3
DA:76,1
DA:77,1
DA:78,3
DA:79,2
DA:82,0
DA:83,0
DA:84,0
DA:85,0
DA:86,0
DA:87,0
DA:89,0
DA:93,2
DA:95,0
DA:96,0
DA:100,0
DA:103,0
DA:104,0
DA:106,0
DA:107,0
DA:109,0
DA:110,0
DA:115,2
DA:118,0
DA:120,3
DA:124,2
DA:132,2
DA:135,2
DA:137,2
DA:139,2
DA:140,4
DA:142,2
DA:143,2
DA:144,2
DA:149,3
DA:151,0
DA:153,2
DA:163,2
DA:165,2
DA:167,2
DA:170,2
DA:174,0
DA:177,2
DA:178,2
DA:180,2
DA:181,2
DA:182,2
DA:185,2
DA:187,2
DA:188,2
DA:189,2
DA:191,2
DA:193,2
DA:195,2
DA:196,2
DA:197,2
DA:198,2
DA:200,2
DA:203,2
DA:204,4
DA:207,2
DA:208,2
DA:211,2
DA:218,2
DA:219,2
DA:223,2
DA:224,0
DA:225,0
DA:228,0
DA:229,0
DA:232,0
DA:238,2
DA:239,2
DA:240,2
DA:243,2
DA:245,2
DA:246,2
DA:247,0
DA:248,0
DA:251,0
DA:253,2
DA:254,2
DA:255,2
DA:259,1
DA:260,2
DA:262,2
DA:264,0
DA:265,0
DA:270,0
DA:271,0
DA:274,0
DA:281,2
DA:282,2
DA:283,2
DA:284,2
DA:285,2
DA:286,2
DA:290,2
DA:291,2
DA:294,2
DA:296,2
DA:297,2
DA:298,2
DA:304,2
DA:305,2
DA:312,2
DA:313,2
DA:314,0
DA:315,2
DA:317,2
DA:318,2
DA:319,2
DA:323,2
DA:324,2
DA:332,4
DA:334,2
DA:335,3
DA:336,1
DA:337,1
LF:144
LH:107
end_of_record
SF:lib\screens\forgot_password_screen.dart
DA:10,19
DA:12,2
DA:13,2
DA:35,1
DA:36,3
DA:37,3
DA:40,4
DA:42,1
DA:43,3
DA:45,2
DA:47,0
DA:48,0
DA:50,0
DA:52,2
DA:58,0
DA:59,0
DA:60,0
DA:62,0
DA:63,0
DA:64,0
DA:65,0
DA:68,0
DA:69,0
DA:71,0
DA:72,0
DA:74,0
DA:78,1
DA:79,3
DA:80,1
DA:81,1
DA:90,1
DA:91,2
DA:92,2
DA:93,1
DA:94,1
DA:100,2
DA:102,4
DA:103,4
DA:104,4
DA:105,4
DA:106,2
DA:109,2
DA:111,2
DA:113,2
DA:116,2
DA:119,3
DA:121,2
DA:123,2
DA:126,2
DA:127,2
DA:129,2
DA:131,4
DA:132,2
DA:133,0
DA:134,0
DA:135,0
DA:144,2
DA:145,2
DA:147,4
DA:149,2
DA:151,2
DA:152,2
DA:153,2
DA:155,2
DA:164,2
DA:167,2
DA:171,2
DA:172,2
DA:174,2
DA:177,2
DA:178,2
DA:180,2
DA:183,2
DA:185,2
DA:187,2
DA:188,2
DA:194,2
DA:197,2
DA:198,2
DA:212,0
DA:213,0
DA:215,0
DA:217,0
DA:219,0
DA:220,0
DA:221,0
DA:223,0
DA:229,0
DA:232,0
DA:238,0
DA:239,0
DA:240,0
DA:244,0
DA:245,0
DA:247,0
DA:254,0
DA:255,0
DA:256,0
DA:257,0
DA:260,0
DA:261,0
DA:262,0
DA:263,0
DA:266,0
DA:267,0
DA:270,0
DA:271,0
DA:276,0
DA:277,0
DA:278,0
DA:279,0
DA:283,0
DA:284,0
DA:285,0
DA:286,0
DA:289,0
DA:290,0
DA:293,0
DA:294,0
DA:297,0
DA:305,0
DA:307,0
DA:309,0
DA:310,0
DA:316,0
DA:319,0
DA:320,0
DA:327,0
DA:328,0
DA:343,0
DA:344,0
DA:346,0
DA:348,0
DA:350,0
DA:352,0
DA:361,0
DA:364,0
DA:368,0
DA:370,0
DA:371,0
DA:377,0
DA:380,0
DA:381,0
LF:143
LH:61
end_of_record
SF:lib\screens\home_screen.dart
DA:23,37
DA:25,1
DA:26,1
DA:37,1
DA:39,1
DA:42,3
DA:43,2
DA:45,2
DA:50,2
DA:51,1
DA:55,3
DA:56,1
DA:58,2
DA:60,2
DA:63,2
DA:65,0
DA:67,0
DA:69,1
DA:71,1
DA:77,0
DA:78,0
DA:79,0
DA:80,0
DA:82,0
DA:83,0
DA:85,0
DA:88,0
DA:91,0
DA:92,0
DA:93,0
DA:94,0
DA:95,0
DA:100,1
DA:102,2
DA:106,2
DA:108,0
DA:111,1
DA:114,1
DA:116,1
DA:118,1
DA:119,1
DA:122,3
DA:123,1
DA:124,2
DA:125,1
DA:127,1
DA:128,3
DA:130,1
DA:131,0
DA:132,0
DA:133,0
DA:134,0
DA:139,1
DA:140,1
DA:144,1
DA:145,1
DA:146,1
DA:148,0
DA:149,0
DA:150,0
DA:166,1
DA:167,2
DA:168,1
DA:169,1
DA:178,18
DA:180,1
DA:182,1
DA:184,1
DA:185,1
DA:188,1
DA:190,1
DA:192,1
DA:200,1
DA:201,1
DA:202,2
DA:206,1
DA:209,2
DA:212,1
DA:215,1
DA:216,1
DA:219,0
DA:220,0
DA:227,2
DA:228,1
DA:229,1
DA:230,1
DA:233,1
DA:234,1
DA:238,1
DA:239,1
DA:240,1
DA:244,1
DA:247,1
DA:248,1
DA:257,1
DA:258,1
DA:259,1
DA:261,2
DA:265,1
DA:266,1
DA:267,1
DA:269,2
DA:274,2
DA:275,0
DA:276,0
DA:278,0
DA:279,0
DA:280,0
DA:286,1
DA:287,1
DA:288,1
DA:290,0
DA:291,0
DA:294,1
DA:295,1
DA:296,2
DA:297,1
DA:298,1
DA:299,2
DA:303,1
DA:304,1
DA:305,1
DA:307,0
DA:308,0
DA:311,1
DA:312,1
DA:313,2
DA:314,1
DA:315,1
DA:316,2
DA:320,2
DA:321,1
DA:322,1
DA:323,1
DA:325,1
DA:332,1
DA:333,1
DA:338,1
DA:339,1
DA:348,1
DA:355,1
DA:356,1
DA:358,1
DA:362,1
DA:377,1
DA:378,1
DA:380,1
DA:384,1
DA:393,1
DA:395,1
DA:396,2
DA:397,1
DA:399,1
DA:402,1
DA:403,1
DA:404,2
DA:410,1
DA:412,1
DA:413,2
DA:415,1
DA:416,0
DA:417,0
DA:418,0
DA:420,1
DA:422,1
DA:423,1
DA:424,1
DA:427,1
DA:430,1
DA:431,1
DA:432,1
DA:438,1
DA:439,1
DA:440,1
DA:441,1
DA:443,0
DA:453,1
DA:455,1
DA:456,1
DA:458,1
DA:472,1
DA:474,1
DA:475,2
DA:476,1
DA:478,1
DA:481,1
DA:482,1
DA:483,2
DA:488,1
DA:491,1
DA:492,1
DA:493,3
DA:494,1
DA:497,1
DA:499,1
DA:500,1
DA:501,1
DA:502,1
DA:503,1
DA:509,1
DA:511,1
DA:513,1
DA:515,1
DA:518,1
DA:519,1
DA:520,1
DA:523,0
DA:535,1
DA:537,1
DA:539,1
DA:541,1
DA:542,1
DA:543,1
DA:545,1
DA:550,1
DA:552,1
DA:553,1
DA:554,1
DA:555,1
DA:558,1
DA:559,2
DA:561,1
DA:562,0
DA:563,0
DA:564,0
DA:565,0
DA:566,0
DA:572,1
DA:597,0
DA:598,0
DA:600,0
DA:604,0
DA:605,0
DA:606,0
DA:608,0
DA:609,0
DA:610,0
DA:611,0
LF:238
LH:184
end_of_record
SF:lib\widgets\restaurant_header.dart
DA:11,1
DA:16,1
DA:17,1
DA:19,1
DA:24,1
DA:33,0
DA:92,1
DA:94,1
DA:96,1
DA:98,1
DA:100,1
DA:101,1
DA:102,1
DA:103,1
DA:109,1
DA:110,1
DA:112,1
DA:114,1
DA:116,1
DA:117,1
DA:118,2
DA:119,1
DA:126,1
DA:128,1
DA:135,1
DA:136,1
DA:137,2
DA:138,1
DA:153,1
DA:158,1
DA:160,1
DA:161,1
DA:162,2
DA:169,1
DA:171,1
DA:172,1
DA:173,1
DA:175,1
LF:38
LH:37
end_of_record
SF:lib\widgets\contact_info.dart
DA:13,2
DA:18,2
DA:19,2
DA:27,2
DA:29,2
DA:30,2
DA:33,2
DA:34,6
DA:35,3
DA:36,1
DA:37,3
DA:38,3
DA:40,0
DA:41,0
DA:42,0
DA:43,0
DA:48,1
DA:49,1
DA:50,0
DA:56,1
DA:57,1
DA:60,1
DA:61,0
DA:63,0
DA:68,0
DA:69,0
DA:74,1
DA:75,1
DA:76,1
DA:78,2
DA:79,2
DA:80,2
DA:82,1
DA:83,0
DA:84,0
DA:93,1
DA:94,1
DA:95,1
DA:99,0
DA:101,0
DA:102,0
DA:109,0
DA:112,0
DA:113,0
DA:115,0
DA:128,0
DA:130,0
DA:131,0
DA:138,0
DA:139,0
DA:142,0
DA:144,0
DA:146,0
DA:147,0
DA:149,0
DA:150,0
DA:155,0
DA:158,0
DA:159,0
DA:162,0
DA:164,0
DA:166,0
DA:169,0
DA:170,0
DA:175,0
DA:176,0
DA:178,0
DA:179,0
DA:180,0
DA:181,0
DA:182,0
DA:185,0
DA:188,0
DA:189,0
DA:190,0
DA:191,0
DA:194,0
DA:195,0
DA:196,0
DA:197,0
DA:198,0
DA:199,0
DA:209,1
DA:210,1
DA:212,2
DA:217,1
DA:218,1
DA:219,2
DA:222,1
DA:223,1
DA:224,1
DA:225,1
DA:234,2
DA:236,6
DA:238,2
DA:240,2
DA:242,2
DA:251,2
DA:252,2
DA:253,2
DA:255,2
DA:257,1
DA:258,2
DA:263,2
DA:264,2
DA:265,2
DA:268,2
DA:270,2
DA:272,2
DA:278,2
DA:279,4
DA:280,2
DA:281,2
DA:293,2
DA:295,2
DA:296,2
DA:299,10
DA:300,2
DA:301,5
DA:302,2
DA:305,2
DA:307,2
DA:319,2
DA:321,2
DA:322,2
DA:325,2
DA:326,2
DA:327,6
DA:334,2
DA:335,1
DA:340,2
DA:341,0
DA:344,0
DA:345,0
DA:346,0
DA:348,0
DA:350,0
DA:354,0
DA:355,0
DA:365,2
DA:367,2
DA:368,2
DA:369,3
DA:370,3
DA:371,3
DA:373,2
DA:376,2
DA:378,2
LF:148
LH:85
end_of_record
SF:lib\widgets\flash_info_section.dart
DA:12,2
DA:18,1
DA:20,3
DA:21,2
DA:22,3
DA:30,1
DA:32,1
DA:33,1
DA:36,1
DA:37,1
DA:38,1
DA:40,1
DA:42,1
DA:48,2
DA:49,1
DA:54,2
DA:57,1
DA:65,0
DA:68,0
DA:69,0
DA:70,0
DA:72,0
DA:74,0
DA:80,0
DA:85,0
DA:88,0
DA:89,0
DA:90,0
DA:92,0
DA:94,0
DA:102,1
DA:103,1
DA:107,2
DA:109,1
DA:114,1
DA:117,5
DA:120,2
DA:122,2
DA:128,2
DA:129,3
DA:132,1
DA:134,1
DA:135,1
DA:137,1
DA:139,1
DA:140,1
DA:141,1
DA:142,1
DA:144,1
DA:145,1
DA:146,1
DA:161,1
DA:164,1
DA:165,1
DA:166,1
DA:168,1
DA:169,6
DA:170,1
DA:180,1
DA:182,1
DA:185,2
DA:186,1
DA:187,2
DA:188,1
DA:196,1
DA:197,2
DA:199,1
DA:200,2
DA:201,1
DA:204,1
DA:205,1
DA:206,1
DA:207,1
DA:208,1
DA:214,1
DA:215,1
DA:216,1
DA:217,1
DA:219,1
DA:220,1
DA:221,1
DA:227,1
DA:228,1
DA:229,1
DA:230,1
DA:233,1
DA:234,1
DA:235,1
DA:243,1
DA:244,1
DA:246,1
DA:248,1
DA:250,1
DA:251,1
DA:253,1
DA:258,1
DA:260,1
DA:262,1
DA:264,1
DA:265,1
DA:266,1
DA:271,1
DA:272,1
DA:273,1
DA:285,1
DA:286,1
DA:291,1
DA:293,1
DA:295,1
DA:297,1
DA:304,1
DA:305,2
DA:306,1
DA:320,1
DA:321,1
DA:322,1
DA:325,1
DA:326,1
DA:327,1
DA:340,1
DA:341,1
DA:342,1
DA:343,1
DA:344,1
DA:345,1
DA:346,1
DA:359,1
DA:360,0
DA:361,0
DA:366,0
DA:367,0
DA:368,0
DA:370,0
DA:372,0
DA:379,0
DA:380,0
DA:381,0
DA:382,0
DA:393,1
DA:396,1
DA:398,1
DA:399,0
DA:400,0
DA:401,1
DA:405,1
DA:406,1
DA:410,1
DA:412,1
DA:413,1
DA:415,1
DA:450,1
DA:455,1
DA:457,3
DA:458,2
DA:459,3
DA:467,1
DA:468,1
DA:469,1
DA:471,1
DA:472,1
DA:487,0
DA:488,0
DA:493,0
DA:495,0
DA:500,0
DA:502,0
DA:513,0
DA:518,0
DA:520,0
DA:533,1
DA:535,3
DA:537,1
DA:541,1
DA:542,1
DA:549,1
DA:550,1
DA:552,1
DA:556,1
DA:557,1
DA:558,1
DA:563,1
DA:564,1
DA:566,1
DA:568,1
DA:570,1
DA:571,1
DA:572,1
DA:576,3
DA:580,1
DA:583,1
DA:584,0
DA:585,1
DA:587,1
DA:590,1
DA:591,1
DA:593,1
DA:609,1
DA:612,1
DA:617,1
DA:619,1
DA:620,1
DA:621,1
DA:622,1
DA:628,1
DA:630,1
DA:631,1
DA:632,2
DA:637,1
DA:638,2
DA:639,1
DA:654,1
DA:656,1
DA:658,1
DA:660,1
DA:661,2
DA:662,1
DA:670,3
DA:671,1
DA:673,1
DA:674,1
DA:675,1
DA:677,1
DA:678,1
DA:679,1
DA:685,1
DA:686,1
DA:687,2
DA:688,1
DA:698,1
DA:701,1
DA:703,1
DA:708,1
DA:711,2
DA:712,0
DA:713,0
DA:716,0
DA:721,2
DA:722,3
DA:723,1
DA:726,2
DA:731,2
DA:732,3
DA:733,1
DA:734,2
DA:736,2
DA:741,2
DA:742,0
DA:745,0
DA:747,0
DA:750,1
DA:753,2
DA:754,0
DA:755,0
DA:757,0
DA:762,0
DA:765,0
DA:766,0
DA:767,0
DA:768,0
DA:769,0
DA:772,0
DA:774,0
DA:781,0
DA:782,0
DA:783,0
DA:785,0
DA:798,1
DA:801,1
DA:802,1
DA:803,1
DA:805,1
DA:807,1
DA:814,1
DA:815,1
DA:817,1
DA:827,1
DA:837,1
DA:839,1
DA:841,1
DA:842,1
DA:843,1
DA:849,1
DA:850,1
DA:852,1
DA:853,0
DA:854,0
DA:855,0
DA:857,1
DA:861,1
DA:862,1
DA:866,1
DA:867,2
DA:868,1
DA:883,1
DA:890,1
DA:892,1
DA:894,1
DA:895,1
DA:897,1
DA:899,0
DA:900,1
DA:901,1
DA:903,1
DA:910,1
DA:911,1
DA:913,1
DA:914,1
DA:916,1
DA:921,1
DA:923,1
LF:310
LH:249
end_of_record
SF:lib\widgets\custom_bottom_navigation.dart
DA:10,2
DA:16,2
DA:20,2
DA:21,6
DA:22,2
DA:23,2
DA:34,2
DA:35,2
DA:36,2
DA:44,2
DA:56,2
DA:57,2
DA:58,2
DA:59,1
DA:60,1
DA:62,2
DA:63,2
DA:65,2
DA:66,1
DA:69,1
DA:79,1
DA:80,2
DA:93,2
DA:94,2
DA:96,2
DA:97,1
DA:100,1
DA:110,1
DA:111,2
LF:29
LH:29
end_of_record
SF:lib\widgets\skeleton.dart
DA:5,37
DA:11,1
DA:12,1
DA:20,1
DA:22,1
DA:23,2
DA:26,1
DA:28,3
DA:29,2
DA:33,1
DA:35,2
DA:36,1
DA:39,1
DA:41,1
DA:42,1
DA:43,1
DA:44,1
DA:45,2
DA:46,2
DA:47,1
DA:48,3
DA:49,3
DA:59,18
DA:63,1
DA:64,1
DA:72,1
DA:74,1
DA:75,2
DA:78,1
DA:80,3
DA:81,2
DA:85,1
DA:87,2
DA:88,1
DA:91,1
DA:93,1
DA:94,1
DA:95,1
DA:96,1
DA:97,2
DA:98,2
DA:99,1
DA:100,3
DA:111,18
DA:113,1
DA:115,1
DA:118,1
DA:120,1
DA:121,1
DA:123,1
DA:125,1
DA:127,1
DA:129,1
DA:131,1
DA:132,3
LF:55
LH:55
end_of_record
SF:lib\widgets\section_header.dart
DA:8,20
DA:19,2
DA:21,2
DA:23,2
DA:25,2
DA:26,4
DA:27,2
DA:28,1
DA:29,1
DA:30,1
DA:35,1
DA:36,1
DA:37,1
LF:13
LH:13
end_of_record
SF:lib\screens\menu_screen.dart
DA:13,19
DA:15,1
DA:16,1
DA:21,1
DA:34,1
DA:36,1
DA:37,2
DA:41,3
DA:42,2
DA:44,2
DA:47,1
DA:49,2
DA:50,2
DA:51,1
DA:55,1
DA:56,2
DA:57,1
DA:58,1
DA:59,1
DA:60,1
DA:64,0
DA:65,0
DA:66,0
DA:71,0
DA:72,0
DA:73,0
DA:74,0
DA:75,0
DA:76,0
DA:82,1
DA:84,2
DA:85,1
DA:90,1
DA:99,0
DA:109,1
DA:114,1
DA:126,1
DA:128,1
DA:129,1
DA:134,1
DA:135,1
DA:136,1
DA:142,1
DA:143,0
DA:146,1
DA:147,1
DA:148,1
DA:149,1
DA:151,1
DA:153,1
DA:155,1
DA:156,2
DA:157,0
DA:159,0
DA:162,0
DA:163,0
DA:167,0
DA:168,0
DA:169,0
DA:173,0
DA:176,0
DA:177,0
DA:184,1
DA:193,1
DA:194,2
DA:196,1
DA:199,1
DA:201,1
DA:204,1
DA:206,1
DA:217,1
DA:218,1
DA:220,1
DA:221,1
DA:222,0
DA:223,0
DA:224,1
DA:227,1
DA:229,2
DA:230,0
DA:232,0
DA:233,0
DA:234,0
DA:240,1
DA:241,1
DA:244,1
DA:245,1
DA:248,1
DA:249,1
DA:259,0
DA:260,0
DA:261,0
DA:263,0
DA:275,0
DA:277,0
DA:278,0
DA:284,0
DA:285,0
DA:286,0
DA:297,1
DA:299,1
DA:301,1
DA:304,1
DA:306,1
DA:309,2
DA:310,1
DA:311,1
DA:312,1
DA:317,2
DA:320,1
DA:321,2
DA:322,1
DA:324,2
DA:325,1
DA:326,1
DA:327,1
DA:328,1
DA:329,3
DA:338,1
DA:339,3
DA:341,1
DA:342,1
DA:345,1
DA:346,0
DA:347,1
DA:350,1
DA:351,1
DA:352,1
DA:355,1
DA:358,0
DA:360,1
DA:372,1
DA:374,1
DA:375,1
DA:380,1
DA:381,0
DA:384,0
DA:390,0
DA:391,0
DA:404,1
DA:406,1
DA:408,1
DA:425,1
DA:432,1
DA:433,1
DA:436,1
DA:437,0
DA:438,1
DA:441,1
DA:442,1
DA:443,1
DA:446,1
DA:448,1
DA:460,1
DA:461,1
DA:462,1
DA:472,1
DA:473,1
DA:475,1
DA:477,1
DA:497,1
DA:499,3
DA:501,0
DA:502,2
DA:503,1
DA:505,0
DA:506,0
DA:507,0
DA:511,2
DA:512,0
DA:513,0
DA:514,0
DA:515,0
DA:518,1
DA:519,2
DA:520,2
DA:521,1
DA:523,1
DA:524,1
DA:525,1
DA:526,1
DA:532,1
DA:534,0
DA:535,0
DA:537,3
DA:543,0
DA:545,0
DA:546,0
DA:547,0
DA:548,0
DA:552,0
DA:554,0
DA:555,0
DA:565,1
DA:567,1
DA:568,1
DA:569,2
DA:570,0
DA:571,3
DA:572,0
DA:573,2
DA:576,1
DA:580,1
DA:581,1
DA:582,1
DA:584,1
DA:585,1
DA:587,4
DA:588,1
DA:597,1
DA:598,3
DA:599,4
DA:600,2
DA:602,1
DA:604,1
DA:606,1
DA:607,1
DA:608,1
DA:609,1
DA:610,1
DA:616,1
DA:618,1
DA:620,1
DA:622,1
DA:623,1
DA:624,1
DA:625,1
DA:628,1
DA:629,1
DA:638,1
DA:639,1
DA:642,1
DA:645,1
DA:647,1
DA:649,1
DA:651,1
DA:660,1
DA:663,1
DA:666,1
DA:667,0
DA:668,1
DA:670,1
DA:671,1
DA:673,1
DA:674,1
DA:675,1
DA:680,1
DA:691,1
DA:692,0
DA:695,0
DA:701,0
DA:702,0
DA:703,0
DA:712,1
DA:713,1
DA:716,1
DA:733,1
DA:735,1
DA:737,1
DA:739,1
DA:741,1
DA:742,1
DA:743,1
DA:744,1
DA:751,1
DA:752,1
DA:753,1
DA:758,1
DA:759,1
DA:765,1
DA:766,1
DA:773,1
DA:774,2
DA:778,1
DA:781,1
DA:782,1
DA:783,1
DA:785,1
DA:786,1
DA:787,1
DA:799,1
DA:801,1
DA:803,1
DA:804,1
DA:806,1
DA:807,1
DA:808,1
DA:809,1
DA:811,1
DA:813,2
DA:814,0
DA:826,1
DA:830,1
DA:832,1
DA:834,1
DA:835,1
DA:836,1
DA:843,1
DA:844,1
DA:845,1
DA:846,1
DA:848,1
DA:850,1
DA:851,0
DA:865,1
DA:866,2
DA:867,0
DA:869,1
DA:876,1
DA:877,1
DA:878,0
DA:879,0
DA:892,0
DA:893,0
DA:894,0
DA:897,0
DA:899,0
DA:900,0
DA:901,0
DA:903,0
DA:907,0
DA:908,0
DA:909,0
DA:910,0
DA:913,0
DA:914,0
DA:917,0
DA:918,0
DA:919,0
DA:922,0
DA:925,0
DA:926,0
LF:332
LH:237
end_of_record
SF:lib\screens\profile_screen.dart
DA:14,19
DA:16,1
DA:17,1
DA:24,1
DA:40,1
DA:41,2
DA:42,1
DA:46,1
DA:48,1
DA:49,2
DA:53,3
DA:54,2
DA:59,3
DA:60,3
DA:64,1
DA:68,1
DA:69,2
DA:70,1
DA:73,1
DA:74,2
DA:76,3
DA:79,1
DA:80,2
DA:82,1
DA:83,2
DA:87,1
DA:88,2
DA:91,2
DA:92,1
DA:93,1
DA:94,1
DA:97,2
DA:98,2
DA:99,2
DA:102,0
DA:103,0
DA:107,1
DA:109,1
DA:110,1
DA:113,1
DA:115,1
DA:116,1
DA:117,1
DA:123,1
DA:124,1
DA:125,1
DA:126,1
DA:127,1
DA:128,1
DA:129,1
DA:131,1
DA:133,1
DA:141,1
DA:142,1
DA:145,1
DA:151,1
DA:152,1
DA:153,1
DA:154,1
DA:160,1
DA:161,1
DA:162,1
DA:165,1
DA:168,1
DA:169,1
DA:170,1
DA:179,1
DA:180,2
DA:181,1
DA:184,1
DA:185,2
DA:187,2
DA:189,3
DA:191,1
DA:192,2
DA:194,2
DA:197,1
DA:198,1
DA:199,1
DA:200,1
DA:212,1
DA:214,1
DA:215,1
DA:216,3
DA:217,1
DA:220,1
DA:222,1
DA:230,1
DA:232,1
DA:235,1
DA:236,1
DA:237,1
DA:238,1
DA:240,3
DA:244,1
DA:245,1
DA:247,3
DA:251,1
DA:252,1
DA:253,1
DA:264,1
DA:266,1
DA:267,1
DA:268,1
DA:271,1
DA:272,1
DA:273,1
DA:275,1
DA:278,2
DA:280,1
DA:285,1
DA:286,1
DA:287,1
DA:291,1
DA:293,1
DA:297,1
DA:299,1
DA:302,1
DA:304,1
DA:307,1
DA:309,1
DA:312,1
DA:314,1
DA:317,1
DA:319,1
DA:322,1
DA:324,1
DA:327,1
DA:329,2
DA:332,1
DA:334,1
DA:335,1
DA:337,1
DA:338,1
DA:339,1
DA:341,1
DA:342,2
DA:343,1
DA:344,1
DA:345,1
DA:346,1
DA:351,1
DA:352,1
DA:355,1
DA:356,1
DA:357,1
DA:359,1
DA:360,1
DA:366,1
DA:369,1
DA:371,1
DA:372,1
DA:373,0
DA:376,0
DA:381,2
DA:382,1
DA:383,1
DA:385,1
DA:387,1
DA:388,1
DA:389,1
DA:390,1
DA:395,1
DA:396,1
DA:399,1
DA:400,1
DA:401,1
DA:403,2
DA:405,1
DA:406,1
DA:408,1
DA:411,1
DA:415,1
DA:416,1
DA:417,1
DA:420,1
DA:424,1
DA:425,1
DA:435,1
DA:436,1
DA:437,1
DA:438,1
DA:440,1
DA:442,1
DA:443,1
DA:446,1
DA:449,1
DA:458,1
DA:461,1
DA:465,1
DA:467,1
DA:469,1
DA:470,1
DA:471,1
DA:475,1
DA:476,1
DA:481,1
DA:482,1
DA:483,1
DA:492,1
DA:493,1
DA:494,1
DA:499,1
DA:504,1
DA:511,1
DA:512,2
DA:513,1
DA:516,1
DA:518,1
DA:519,2
DA:521,1
DA:522,1
DA:523,1
DA:526,1
DA:527,1
DA:528,1
DA:530,2
DA:534,1
DA:535,1
DA:537,1
DA:538,2
DA:540,1
DA:541,2
DA:543,1
DA:550,1
DA:556,0
DA:557,0
DA:558,0
DA:559,0
DA:560,0
DA:567,1
DA:568,1
DA:569,1
DA:570,2
DA:572,0
DA:574,0
DA:575,0
DA:576,0
DA:577,0
DA:585,1
DA:586,1
DA:588,1
DA:589,1
DA:590,2
DA:591,1
DA:592,0
DA:593,0
DA:595,0
DA:596,0
DA:598,0
DA:600,0
DA:601,0
DA:602,0
DA:608,0
DA:609,0
DA:610,0
DA:619,0
DA:620,0
DA:621,0
DA:624,0
DA:625,0
DA:626,0
DA:628,0
DA:631,0
DA:632,0
DA:634,0
DA:635,0
DA:637,0
DA:639,0
DA:640,0
DA:643,0
DA:644,0
DA:645,0
DA:652,0
DA:653,0
DA:654,0
DA:655,0
DA:659,0
DA:660,0
DA:661,0
DA:668,0
DA:669,0
DA:670,0
DA:671,0
DA:686,0
DA:687,0
DA:688,0
DA:695,0
DA:696,0
DA:699,0
DA:700,0
DA:701,0
DA:702,0
DA:706,0
DA:707,0
DA:708,0
DA:715,0
DA:716,0
DA:717,0
DA:718,0
DA:736,0
DA:737,0
DA:738,0
DA:745,0
DA:746,0
DA:747,0
DA:748,0
DA:767,0
DA:768,0
DA:769,0
DA:776,0
DA:777,0
DA:778,0
DA:779,0
DA:783,0
DA:784,0
DA:785,0
DA:786,0
DA:787,0
DA:791,0
DA:792,0
DA:794,0
DA:795,0
DA:796,0
DA:799,0
DA:800,0
DA:801,0
DA:804,0
DA:805,0
DA:806,0
DA:807,0
DA:808,0
DA:809,0
DA:810,0
DA:811,0
DA:826,0
DA:828,0
DA:838,1
DA:840,1
DA:841,1
DA:851,1
DA:853,1
DA:854,5
DA:855,5
DA:856,5
DA:859,1
DA:861,2
DA:862,2
DA:863,2
DA:864,1
DA:867,1
DA:869,1
DA:871,1
DA:872,1
DA:873,1
DA:875,1
DA:876,1
DA:877,1
DA:882,0
DA:883,0
DA:886,1
DA:887,1
DA:893,0
DA:898,1
DA:899,1
DA:909,1
DA:910,1
DA:911,1
DA:914,1
DA:915,2
DA:916,1
DA:927,0
DA:928,0
DA:929,0
DA:931,0
DA:932,0
DA:933,0
DA:934,0
DA:935,0
DA:936,0
DA:938,0
LF:381
LH:262
end_of_record
SF:lib\screens\my_restaurants_screen.dart
DA:17,37
DA:19,1
DA:20,1
DA:28,1
DA:30,1
DA:31,1
DA:34,1
DA:35,1
DA:36,1
DA:37,2
DA:38,1
DA:39,1
DA:45,1
DA:46,1
DA:47,4
DA:50,2
DA:52,2
DA:53,1
DA:55,1
DA:57,2
DA:60,0
DA:62,0
DA:64,0
DA:66,0
DA:67,0
DA:68,0
DA:71,1
DA:72,3
DA:73,3
DA:74,1
DA:75,1
DA:76,4
DA:78,1
DA:81,0
DA:90,0
DA:91,0
DA:92,0
DA:94,0
DA:95,0
DA:96,0
DA:97,0
DA:98,0
DA:100,0
DA:101,0
DA:102,0
DA:111,1
DA:112,3
DA:113,2
DA:114,1
DA:120,1
DA:122,1
DA:124,1
DA:130,1
DA:133,2
DA:134,1
DA:135,1
DA:136,1
DA:137,1
DA:146,1
DA:147,1
DA:148,1
DA:150,1
DA:152,1
DA:153,1
DA:155,1
DA:156,1
DA:166,1
DA:169,1
DA:173,1
DA:174,1
DA:177,1
DA:182,1
DA:183,1
DA:192,1
DA:193,1
DA:195,2
DA:196,1
DA:197,2
DA:198,5
DA:203,1
DA:204,3
DA:205,1
DA:207,1
DA:208,2
DA:210,0
DA:211,1
DA:215,1
DA:217,1
DA:229,1
DA:232,1
DA:235,2
DA:236,1
DA:238,1
DA:240,1
DA:242,0
DA:244,1
DA:245,1
DA:246,1
DA:252,1
DA:254,1
DA:255,1
DA:257,1
DA:260,1
DA:261,1
DA:263,1
DA:264,1
DA:265,1
DA:267,1
DA:269,2
DA:271,1
DA:272,1
DA:276,1
DA:277,1
DA:278,1
DA:280,1
DA:288,1
DA:289,1
DA:290,1
DA:294,1
DA:295,1
DA:297,1
DA:307,0
DA:316,1
DA:327,1
DA:329,1
DA:330,1
DA:331,3
DA:332,1
DA:333,1
DA:337,0
DA:339,2
DA:343,1
DA:344,3
DA:345,1
DA:348,1
DA:349,1
DA:350,1
DA:352,1
DA:353,1
LF:139
LH:117
end_of_record
SF:lib\services\restaurant_storage_service.dart
DA:20,1
DA:21,1
DA:23,1
DA:25,1
DA:26,1
DA:28,1
DA:32,1
DA:33,1
DA:34,1
DA:35,1
DA:36,0
DA:40,1
DA:41,1
DA:42,1
DA:44,0
DA:51,1
DA:55,1
DA:56,1
DA:57,2
DA:58,1
DA:62,1
DA:63,1
DA:64,1
DA:65,1
DA:66,1
DA:76,1
DA:77,1
DA:78,1
DA:80,5
DA:81,1
DA:82,3
DA:84,1
DA:87,1
DA:88,1
DA:89,2
DA:93,1
DA:94,1
DA:95,1
DA:99,3
DA:100,3
DA:101,3
DA:102,3
DA:103,2
DA:107,1
DA:108,1
DA:109,1
DA:110,4
DA:111,1
DA:112,1
DA:115,1
DA:116,1
DA:117,0
DA:118,0
DA:120,0
DA:121,0
DA:127,1
DA:128,1
DA:129,1
DA:130,1
DA:131,1
DA:132,1
DA:133,1
DA:138,2
DA:140,2
DA:141,10
DA:143,0
LF:66
LH:59
end_of_record
SF:lib\screens\welcome_screen.dart
DA:14,19
DA:16,2
DA:17,2
DA:31,2
DA:33,2
DA:35,4
DA:40,6
DA:41,2
DA:42,2
DA:47,6
DA:48,2
DA:49,2
DA:54,4
DA:55,2
DA:58,2
DA:59,2
DA:60,10
DA:63,2
DA:65,4
DA:66,4
DA:67,2
DA:70,1
DA:71,1
DA:72,0
DA:77,2
DA:79,1
DA:81,1
DA:82,1
DA:83,1
DA:84,1
DA:88,0
DA:91,0
DA:92,0
DA:102,0
DA:103,0
DA:104,0
DA:109,0
DA:111,0
DA:113,0
DA:114,0
DA:117,0
DA:119,0
DA:120,0
DA:124,0
DA:127,0
DA:129,0
DA:130,0
DA:135,0
DA:138,0
DA:139,0
DA:144,0
DA:145,0
DA:146,0
DA:147,0
DA:148,0
DA:149,0
DA:150,0
DA:151,0
DA:152,0
DA:155,0
DA:156,0
DA:161,0
DA:162,0
DA:164,0
DA:165,0
DA:166,0
DA:167,0
DA:168,0
DA:171,0
DA:173,0
DA:174,0
DA:175,0
DA:176,0
DA:178,0
DA:181,0
DA:183,0
DA:185,0
DA:186,0
DA:187,0
DA:188,0
DA:191,0
DA:192,0
DA:193,0
DA:204,0
DA:206,0
DA:209,0
DA:210,0
DA:211,0
DA:213,0
DA:216,0
DA:218,0
DA:220,0
DA:223,0
DA:224,0
DA:228,0
DA:229,0
DA:233,0
DA:234,0
DA:235,0
DA:239,0
DA:240,0
DA:241,0
DA:245,0
DA:249,0
DA:255,0
DA:257,0
DA:258,0
DA:259,0
DA:265,0
DA:266,0
DA:268,0
DA:269,0
DA:271,0
DA:272,0
DA:273,0
DA:276,0
DA:279,0
DA:280,0
DA:281,0
DA:282,0
DA:286,0
DA:287,0
DA:288,0
DA:289,0
DA:290,0
DA:293,0
DA:304,2
DA:306,2
DA:307,2
DA:319,2
DA:320,2
DA:321,4
DA:328,0
DA:329,0
DA:331,0
DA:354,0
DA:355,0
DA:356,0
DA:357,0
DA:358,0
DA:374,2
DA:375,2
DA:377,2
DA:379,2
DA:381,2
DA:382,2
DA:383,2
DA:384,2
DA:385,4
DA:386,1
DA:387,3
DA:388,1
DA:390,0
DA:391,2
DA:392,2
DA:394,2
DA:395,4
DA:396,2
DA:397,4
DA:398,2
DA:400,2
DA:401,2
DA:404,2
DA:406,2
DA:407,2
DA:412,2
DA:415,2
DA:416,2
DA:418,2
DA:419,2
DA:424,2
DA:427,2
DA:430,2
DA:431,2
DA:432,2
DA:433,2
DA:434,2
DA:435,2
DA:439,2
DA:440,2
DA:442,0
DA:474,2
DA:476,2
DA:477,2
DA:479,2
DA:481,2
DA:486,2
DA:488,2
DA:489,2
DA:498,2
DA:501,2
DA:502,4
DA:503,2
DA:508,2
DA:509,2
DA:510,2
DA:526,2
DA:528,0
DA:532,2
DA:534,2
DA:537,2
DA:538,2
DA:540,0
DA:541,0
DA:542,0
DA:545,0
DA:546,0
DA:547,0
DA:548,0
DA:550,0
DA:553,2
DA:555,2
DA:556,2
DA:559,2
DA:560,2
DA:572,2
DA:578,0
DA:579,0
DA:582,0
DA:583,0
DA:584,0
DA:586,0
DA:590,0
DA:601,2
DA:606,2
DA:607,2
DA:608,4
DA:610,2
DA:611,2
DA:613,2
DA:614,8
DA:615,2
DA:617,2
DA:618,2
DA:619,2
DA:621,2
DA:622,2
DA:624,2
DA:625,2
DA:628,2
DA:629,2
DA:630,2
DA:636,2
DA:643,2
LF:244
LH:121
end_of_record
SF:lib\screens\onboarding_screen.dart
DA:18,18
DA:63,1
DA:65,1
DA:66,1
DA:76,1
DA:78,1
DA:79,2
DA:83,1
DA:84,2
DA:85,2
DA:88,1
DA:90,2
DA:91,2
DA:92,1
DA:95,1
DA:96,1
DA:97,1
DA:98,4
DA:101,1
DA:102,4
DA:103,1
DA:105,2
DA:112,1
DA:113,3
DA:114,2
DA:115,2
DA:116,1
DA:119,1
DA:121,2
DA:122,1
DA:124,1
DA:125,1
DA:126,1
DA:128,1
DA:130,1
DA:132,1
DA:133,1
DA:135,2
DA:144,1
DA:145,1
DA:146,1
DA:147,1
DA:148,1
DA:149,3
DA:154,2
DA:155,1
DA:156,1
DA:157,1
DA:158,1
DA:159,1
DA:161,2
DA:162,1
DA:164,5
DA:165,1
DA:166,1
DA:167,2
DA:168,1
DA:171,1
DA:172,1
DA:177,1
DA:178,1
DA:179,2
DA:186,1
DA:188,1
DA:189,1
DA:190,4
DA:191,1
DA:193,1
DA:196,1
DA:197,3
DA:198,1
DA:201,2
DA:203,1
DA:204,2
DA:205,1
DA:206,1
DA:207,1
DA:217,1
DA:220,1
DA:221,1
DA:222,1
DA:223,1
DA:226,1
DA:227,1
DA:228,2
DA:230,1
DA:231,4
DA:251,1
DA:252,1
DA:253,1
DA:254,1
DA:262,1
DA:263,1
DA:264,1
DA:266,1
DA:268,1
DA:269,1
DA:270,1
DA:273,1
DA:274,1
DA:277,1
DA:278,2
DA:279,1
DA:283,1
DA:286,1
DA:287,1
DA:288,1
DA:299,1
DA:300,1
DA:301,1
LF:110
LH:110
end_of_record
SF:lib\utils\responsive.dart
DA:16,0
DA:31,2
DA:32,4
DA:35,1
DA:36,2
DA:39,3
DA:42,1
DA:43,1
DA:44,2
DA:48,1
DA:49,2
DA:52,2
DA:53,4
DA:59,1
DA:65,1
DA:66,1
DA:67,1
DA:74,2
DA:82,2
DA:90,2
DA:98,0
DA:108,1
DA:117,1
DA:119,1
DA:120,1
DA:121,1
DA:122,1
DA:125,1
DA:126,1
DA:127,1
DA:128,2
DA:137,1
DA:148,1
DA:150,2
DA:151,1
DA:153,1
DA:155,1
DA:156,3
DA:158,2
LF:39
LH:37
end_of_record
SF:lib\services\theme_provider.dart
DA:10,2
DA:12,6
DA:15,1
DA:17,1
DA:18,1
DA:19,1
DA:20,1
DA:21,1
DA:24,1
DA:31,1
DA:32,1
DA:33,2
DA:38,1
DA:39,2
DA:40,1
DA:41,1
DA:43,1
DA:44,2
LF:18
LH:18
end_of_record
SF:lib\screens\qr_scanner_screen.dart
DA:9,37
DA:11,3
DA:12,3
DA:23,3
DA:25,3
DA:26,6
DA:33,0
DA:34,0
DA:36,0
DA:37,0
DA:38,0
DA:39,0
DA:41,0
DA:42,0
DA:43,0
DA:47,0
DA:48,0
DA:49,0
DA:58,0
DA:59,0
DA:60,0
DA:61,0
DA:65,3
DA:67,3
DA:68,3
DA:72,3
DA:73,3
DA:75,3
DA:76,3
DA:77,3
DA:80,0
DA:81,0
DA:82,0
DA:84,0
DA:89,3
DA:91,3
DA:92,6
DA:97,0
DA:98,0
DA:99,0
DA:103,0
DA:108,3
DA:109,3
DA:110,3
DA:112,3
DA:113,3
DA:114,3
DA:115,3
DA:116,3
DA:117,0
DA:119,0
DA:123,0
DA:124,0
DA:125,0
DA:130,0
DA:131,0
DA:133,0
DA:135,0
DA:139,0
DA:146,0
DA:147,0
DA:148,0
DA:149,0
DA:153,0
DA:166,3
DA:180,3
DA:182,3
DA:183,3
DA:184,0
DA:185,0
DA:187,0
DA:194,0
DA:196,0
DA:202,0
DA:205,0
DA:206,0
DA:214,0
DA:216,0
DA:217,0
DA:218,0
DA:219,0
DA:227,0
DA:228,0
DA:229,0
DA:230,0
DA:233,0
DA:245,3
DA:247,3
DA:249,3
DA:252,3
DA:261,0
DA:263,0
DA:265,0
DA:266,0
DA:267,0
DA:268,0
DA:269,0
DA:279,0
DA:280,0
DA:281,0
DA:282,0
DA:283,0
DA:289,0
DA:290,0
DA:296,0
DA:298,0
DA:299,0
DA:300,0
DA:301,0
DA:319,3
DA:321,6
DA:322,6
DA:323,3
LF:113
LH:37
end_of_record
SF:lib\widgets\qr_scanner_overlay.dart
DA:5,20
DA:21,4
DA:24,1
DA:26,1
DA:27,1
DA:28,2
DA:31,2
DA:33,4
DA:34,2
DA:35,2
DA:36,2
DA:37,2
DA:38,2
DA:39,2
DA:40,2
DA:42,4
DA:45,2
DA:48,2
DA:50,2
DA:51,2
DA:52,4
DA:53,6
DA:54,4
DA:55,4
DA:58,2
DA:59,4
DA:60,2
DA:62,4
DA:65,2
DA:66,4
DA:67,2
DA:68,4
DA:69,2
DA:71,2
DA:74,6
DA:75,6
DA:76,4
DA:77,2
DA:78,6
DA:79,4
DA:82,1
DA:84,6
DA:87,8
DA:88,8
DA:89,4
DA:90,2
DA:91,8
DA:92,4
DA:95,2
DA:97,8
DA:100,10
DA:101,10
DA:102,4
DA:103,2
DA:104,10
DA:105,4
DA:108,3
DA:110,10
DA:113,8
DA:114,8
DA:115,4
DA:116,2
DA:117,8
DA:118,4
DA:121,2
DA:123,8
DA:125,2
DA:128,1
DA:130,1
DA:131,1
DA:132,2
DA:133,1
DA:134,2
DA:135,2
DA:136,2
DA:140,1
DA:142,1
DA:143,1
DA:144,3
DA:145,6
DA:146,3
DA:147,6
DA:148,6
DA:149,6
DA:152,1
DA:155,1
DA:157,1
DA:158,1
DA:159,3
DA:160,6
DA:161,3
DA:162,6
DA:163,6
DA:164,6
DA:167,1
LF:95
LH:95
end_of_record
SF:lib\services\geolocation_service.dart
DA:13,0
DA:20,2
DA:22,2
DA:24,0
DA:28,0
DA:30,0
DA:31,0
DA:32,0
DA:33,0
DA:38,0
DA:39,0
DA:43,0
DA:50,0
DA:51,0
DA:57,1
DA:69,2
DA:75,1
DA:78,0
DA:79,0
DA:80,0
DA:85,0
DA:90,1
DA:91,1
DA:92,3
DA:94,2
DA:104,1
DA:113,2
DA:114,0
DA:116,2
DA:120,0
DA:122,0
DA:126,1
DA:127,0
DA:132,0
DA:133,0
DA:135,0
DA:138,0
LF:37
LH:13
end_of_record
SF:lib\screens\splash_screen.dart
DA:8,1
DA:13,1
DA:14,1
DA:39,1
DA:41,1
DA:44,2
DA:50,2
DA:53,1
DA:56,2
DA:59,1
DA:62,3
DA:63,1
DA:64,1
DA:70,3
DA:71,1
DA:72,1
DA:78,3
DA:79,1
DA:80,1
DA:86,2
DA:89,2
DA:90,1
DA:91,3
DA:96,1
DA:98,2
DA:99,2
DA:100,2
DA:101,1
DA:104,1
DA:106,1
DA:107,1
DA:109,1
DA:110,1
DA:112,1
DA:115,1
DA:116,1
DA:117,1
DA:118,1
DA:119,1
DA:120,2
DA:121,1
DA:122,2
DA:123,1
DA:135,1
DA:136,1
DA:139,1
DA:142,1
DA:143,1
DA:144,1
DA:151,1
DA:152,1
DA:153,1
DA:154,1
DA:155,2
DA:156,1
DA:157,1
DA:159,1
DA:171,1
DA:172,1
DA:173,1
DA:174,1
DA:175,1
DA:176,4
DA:177,6
DA:178,4
DA:179,4
DA:180,5
DA:181,3
DA:183,5
DA:184,3
DA:187,1
DA:190,1
DA:192,1
DA:193,1
DA:194,1
DA:195,2
LF:76
LH:76
end_of_record
